Using pre-set license
Built from '2021.2/staging' branch; Version is '2021.2.10f1 (ee872746220e) revision 15632167'; Using compiler version '192829333'; Build Type 'Release'
OS: 'Windows 10  (10.0.19043) 64bit Professional' Language: 'en' Physical Memory: 16292 MB
BatchMode: 1, IsHumanControllingUs: 0, StartBugReporterOnCrash: 0, Is64bit: 1, IsPro: 0

COMMAND LINE ARGUMENTS:
C:\Program Files\Unity\Hub\Editor\2021.2.10f1\Editor\Unity.exe
-adb2
-batchMode
-noUpm
-name
AssetImportWorker4
-projectPath
C:/Users/joshu/OneDrive/Documents/gameing stuff/GameDev/Shmup
-logFile
Logs/AssetImportWorker4.log
-srvPort
58774
Successfully changed project path to: C:/Users/joshu/OneDrive/Documents/gameing stuff/GameDev/Shmup
C:/Users/joshu/OneDrive/Documents/gameing stuff/GameDev/Shmup
[UnityMemory] Configuration Parameters - Can be set up in boot.config
    "memorysetup-bucket-allocator-granularity=16"
    "memorysetup-bucket-allocator-bucket-count=8"
    "memorysetup-bucket-allocator-block-size=33554432"
    "memorysetup-bucket-allocator-block-count=8"
    "memorysetup-main-allocator-block-size=16777216"
    "memorysetup-thread-allocator-block-size=16777216"
    "memorysetup-gfx-main-allocator-block-size=16777216"
    "memorysetup-gfx-thread-allocator-block-size=16777216"
    "memorysetup-cache-allocator-block-size=4194304"
    "memorysetup-typetree-allocator-block-size=2097152"
    "memorysetup-profiler-bucket-allocator-granularity=16"
    "memorysetup-profiler-bucket-allocator-bucket-count=8"
    "memorysetup-profiler-bucket-allocator-block-size=33554432"
    "memorysetup-profiler-bucket-allocator-block-count=8"
    "memorysetup-profiler-allocator-block-size=16777216"
    "memorysetup-profiler-editor-allocator-block-size=1048576"
    "memorysetup-temp-allocator-size-main=16777216"
    "memorysetup-job-temp-allocator-block-size=2097152"
    "memorysetup-job-temp-allocator-block-size-background=1048576"
    "memorysetup-job-temp-allocator-reduction-small-platforms=262144"
    "memorysetup-temp-allocator-size-background-worker=32768"
    "memorysetup-temp-allocator-size-job-worker=262144"
    "memorysetup-temp-allocator-size-preload-manager=33554432"
    "memorysetup-temp-allocator-size-nav-mesh-worker=65536"
    "memorysetup-temp-allocator-size-audio-worker=65536"
    "memorysetup-temp-allocator-size-cloud-worker=32768"
    "memorysetup-temp-allocator-size-gi-baking-worker=262144"
    "memorysetup-temp-allocator-size-gfx=262144"
Refreshing native plugins compatible for Editor in 79.83 ms, found 4 plugins.
Preloading 0 native plugins for Editor in 0.00 ms.
Initialize engine version: 2021.2.10f1 (ee872746220e)
[Subsystems] Discovering subsystems at path C:/Program Files/Unity/Hub/Editor/2021.2.10f1/Editor/Data/Resources/UnitySubsystems
[Subsystems] Discovering subsystems at path C:/Users/joshu/OneDrive/Documents/gameing stuff/GameDev/Shmup/Assets
GfxDevice: creating device client; threaded=0; jobified=0
Direct3D:
    Version:  Direct3D 11.0 [level 11.1]
    Renderer: NVIDIA GeForce RTX 2060 (ID=0x1f08)
    Vendor:   NVIDIA
    VRAM:     5980 MB
    Driver:   30.0.14.9729
Initialize mono
Mono path[0] = 'C:/Program Files/Unity/Hub/Editor/2021.2.10f1/Editor/Data/Managed'
Mono path[1] = 'C:/Program Files/Unity/Hub/Editor/2021.2.10f1/Editor/Data/MonoBleedingEdge/lib/mono/unityjit-win32'
Mono config path = 'C:/Program Files/Unity/Hub/Editor/2021.2.10f1/Editor/Data/MonoBleedingEdge/etc'
Using monoOptions --debugger-agent=transport=dt_socket,embedding=1,server=y,suspend=n,address=127.0.0.1:56500
Begin MonoManager ReloadAssembly
Registering precompiled unity dll's ...
Register platform support module: C:/Program Files/Unity/Hub/Editor/2021.2.10f1/Editor/Data/PlaybackEngines/WindowsStandaloneSupport/UnityEditor.WindowsStandalone.Extensions.dll
Registered in 0.007528 seconds.
Native extension for WindowsStandalone target not found
Refreshing native plugins compatible for Editor in 70.97 ms, found 4 plugins.
Preloading 0 native plugins for Editor in 0.00 ms.
Mono: successfully reloaded assembly
- Completed reload, in  0.492 seconds
Domain Reload Profiling:
	ReloadAssembly (492ms)
		BeginReloadAssembly (60ms)
			ExecutionOrderSort (0ms)
			DisableScriptedObjects (0ms)
			BackupInstance (0ms)
			ReleaseScriptingObjects (0ms)
			CreateAndSetChildDomain (1ms)
		EndReloadAssembly (370ms)
			LoadAssemblies (58ms)
			RebuildTransferFunctionScriptingTraits (0ms)
			SetupTypeCache (84ms)
			ReleaseScriptCaches (0ms)
			RebuildScriptCaches (20ms)
			SetupLoadedEditorAssemblies (225ms)
				LogAssemblyErrors (0ms)
				InitializePlatformSupportModulesInManaged (13ms)
				SetLoadedEditorAssemblies (0ms)
				RefreshPlugins (71ms)
				BeforeProcessingInitializeOnLoad (1ms)
				ProcessInitializeOnLoadAttributes (107ms)
				ProcessInitializeOnLoadMethodAttributes (33ms)
				AfterProcessingInitializeOnLoad (0ms)
				EditorAssembliesLoaded (0ms)
			ExecutionOrderSort2 (0ms)
			AwakeInstancesAfterBackupRestoration (0ms)
Platform modules already initialized, skipping
Registering precompiled user dll's ...
Registered in 0.009876 seconds.
Begin MonoManager ReloadAssembly
Symbol file LoadedFromMemory doesn't match image C:\Users\joshu\OneDrive\Documents\gameing stuff\GameDev\Shmup\Library\PackageCache\com.unity.visualscripting@1.7.6\Editor\VisualScripting.Core\Dependencies\YamlDotNet\Unity.VisualScripting.YamlDotNet.dll
Symbol file LoadedFromMemory doesn't match image C:\Users\joshu\OneDrive\Documents\gameing stuff\GameDev\Shmup\Library\PackageCache\com.unity.visualscripting@1.7.6\Editor\VisualScripting.Core\Dependencies\DotNetZip\Unity.VisualScripting.IonicZip.dll
Native extension for WindowsStandalone target not found
Refreshing native plugins compatible for Editor in 70.52 ms, found 4 plugins.
Preloading 0 native plugins for Editor in 0.00 ms.
Mono: successfully reloaded assembly
- Completed reload, in  1.177 seconds
Domain Reload Profiling:
	ReloadAssembly (1178ms)
		BeginReloadAssembly (91ms)
			ExecutionOrderSort (0ms)
			DisableScriptedObjects (5ms)
			BackupInstance (0ms)
			ReleaseScriptingObjects (0ms)
			CreateAndSetChildDomain (17ms)
		EndReloadAssembly (1012ms)
			LoadAssemblies (71ms)
			RebuildTransferFunctionScriptingTraits (0ms)
			SetupTypeCache (180ms)
			ReleaseScriptCaches (1ms)
			RebuildScriptCaches (41ms)
			SetupLoadedEditorAssemblies (688ms)
				LogAssemblyErrors (0ms)
				InitializePlatformSupportModulesInManaged (9ms)
				SetLoadedEditorAssemblies (0ms)
				RefreshPlugins (71ms)
				BeforeProcessingInitializeOnLoad (79ms)
				ProcessInitializeOnLoadAttributes (487ms)
				ProcessInitializeOnLoadMethodAttributes (30ms)
				AfterProcessingInitializeOnLoad (11ms)
				EditorAssembliesLoaded (0ms)
			ExecutionOrderSort2 (0ms)
			AwakeInstancesAfterBackupRestoration (5ms)
Platform modules already initialized, skipping
========================================================================
Worker process is ready to serve import requests
Launched and connected shader compiler UnityShaderCompiler.exe after 0.04 seconds
Refreshing native plugins compatible for Editor in 0.79 ms, found 4 plugins.
Preloading 0 native plugins for Editor in 0.00 ms.
Unloading 3907 Unused Serialized files (Serialized files now loaded: 0)
Unloading 43 unused Assets / (225.4 KB). Loaded Objects now: 4356.
Memory consumption went from 146.8 MB to 146.6 MB.
Total: 3.171200 ms (FindLiveObjects: 0.276100 ms CreateObjectMapping: 0.164300 ms MarkObjects: 2.608600 ms  DeleteObjects: 0.121400 ms)

AssetImportParameters requested are different than current active one (requested -> active):
  custom:video-decoder-ogg-theora: a1e56fd34408186e4bbccfd4996cb3dc -> 
  custom:container-muxer-webm: aa71ff27fc2769a1b78a27578f13a17b -> 
  custom:container-demuxer-webm: 4f35f7cbe854078d1ac9338744f61a02 -> 
  custom:video-encoder-webm-vp8: eb34c28f22e8b96e1ab97ce403110664 -> 
  custom:audio-encoder-webm-vorbis: bf7c407c2cedff20999df2af8eb42d56 -> 
  custom:framework-win-MediaFoundation: 216162199b28c13a410421893ffa2e32 -> 
  custom:container-demuxer-ogg: 62fdf1f143b41e24485cea50d1cbac27 -> 
  custom:video-decoder-webm-vp8: 9c59270c3fd7afecdb556c50c9e8de78 -> 
  custom:audio-decoder-ogg-vorbis: bf7c407c2cedff20999df2af8eb42d56 -> 
========================================================================
Received Import Request.
  Time since last request: 287855.386127 seconds.
  path: Assets/Sprites/Tiles_105.asset
  artifactKey: Guid(01c8723230b241047b2fbbc6ed2d54cb) Importer(815301076,1909f56bfc062723c751e8b465ee728b)
Start importing Assets/Sprites/Tiles_105.asset using Guid(01c8723230b241047b2fbbc6ed2d54cb) Importer(815301076,1909f56bfc062723c751e8b465ee728b)  -> (artifact id: '5671ecad0c295fbba531d5448bc75778') in 0.071096 seconds 
========================================================================
Received Import Request.
  Time since last request: 0.000021 seconds.
  path: Assets/Sprites/Tiles_124.asset
  artifactKey: Guid(a5f2a8837a89d044187fd3a3c69ef62a) Importer(815301076,1909f56bfc062723c751e8b465ee728b)
Start importing Assets/Sprites/Tiles_124.asset using Guid(a5f2a8837a89d044187fd3a3c69ef62a) Importer(815301076,1909f56bfc062723c751e8b465ee728b)  -> (artifact id: 'a4327510aae3deb432d5b651c18c3362') in 0.012368 seconds 
========================================================================
Received Import Request.
  Time since last request: 0.000022 seconds.
  path: Assets/Sprites/Tiles_132.asset
  artifactKey: Guid(d22d5d649678e7b42ba9bc44d8eaea33) Importer(815301076,1909f56bfc062723c751e8b465ee728b)
Start importing Assets/Sprites/Tiles_132.asset using Guid(d22d5d649678e7b42ba9bc44d8eaea33) Importer(815301076,1909f56bfc062723c751e8b465ee728b)  -> (artifact id: '97af06eaba74a683c17cc1417df9b9ed') in 0.009822 seconds 
========================================================================
Received Import Request.
  Time since last request: 0.000017 seconds.
  path: Assets/Sprites/Tiles_121.asset
  artifactKey: Guid(d904e100d818a964b88a24c7e1e862c5) Importer(815301076,1909f56bfc062723c751e8b465ee728b)
Start importing Assets/Sprites/Tiles_121.asset using Guid(d904e100d818a964b88a24c7e1e862c5) Importer(815301076,1909f56bfc062723c751e8b465ee728b)  -> (artifact id: 'bb82859bc9e944afef13e01d9eb47b54') in 0.010411 seconds 
========================================================================
Received Import Request.
  Time since last request: 0.000015 seconds.
  path: Assets/Sprites/Tiles_110.asset
  artifactKey: Guid(4dc50102099a37d46aa489706a37a45a) Importer(815301076,1909f56bfc062723c751e8b465ee728b)
Start importing Assets/Sprites/Tiles_110.asset using Guid(4dc50102099a37d46aa489706a37a45a) Importer(815301076,1909f56bfc062723c751e8b465ee728b)  -> (artifact id: '6ddba45e8cd9606234677120de5035f2') in 0.013410 seconds 
========================================================================
Received Import Request.
  Time since last request: 0.000014 seconds.
  path: Assets/Sprites/Tiles_128.asset
  artifactKey: Guid(34cfc7d2dbd158c40a0aa00a3dbbef42) Importer(815301076,1909f56bfc062723c751e8b465ee728b)
Start importing Assets/Sprites/Tiles_128.asset using Guid(34cfc7d2dbd158c40a0aa00a3dbbef42) Importer(815301076,1909f56bfc062723c751e8b465ee728b)  -> (artifact id: '6503268245cec5ad4c89396fc004cba2') in 0.009394 seconds 
========================================================================
Received Import Request.
  Time since last request: 0.000016 seconds.
  path: Assets/Sprites/Tiles_115.asset
  artifactKey: Guid(6addf754b9bf7004692778e97bfaf2b9) Importer(815301076,1909f56bfc062723c751e8b465ee728b)
Start importing Assets/Sprites/Tiles_115.asset using Guid(6addf754b9bf7004692778e97bfaf2b9) Importer(815301076,1909f56bfc062723c751e8b465ee728b)  -> (artifact id: '96a5aeb23e378311350d32029cc7ae93') in 0.008528 seconds 
========================================================================
Received Import Request.
  Time since last request: 0.000015 seconds.
  path: Assets/Sprites/Tiles_123.asset
  artifactKey: Guid(9ccfca4354daaf049a451bdc6a48531c) Importer(815301076,1909f56bfc062723c751e8b465ee728b)
Start importing Assets/Sprites/Tiles_123.asset using Guid(9ccfca4354daaf049a451bdc6a48531c) Importer(815301076,1909f56bfc062723c751e8b465ee728b)  -> (artifact id: 'bd7df1f5b1b2db1818c4925a869074fd') in 0.015152 seconds 
========================================================================
Received Import Request.
  Time since last request: 0.000015 seconds.
  path: Assets/Sprites/Tiles_108.asset
  artifactKey: Guid(eb79bb7bec9db48479cf8f5ad08dae1e) Importer(815301076,1909f56bfc062723c751e8b465ee728b)
Start importing Assets/Sprites/Tiles_108.asset using Guid(eb79bb7bec9db48479cf8f5ad08dae1e) Importer(815301076,1909f56bfc062723c751e8b465ee728b)  -> (artifact id: '399925e2af39b0ba5a5e26ff6198b507') in 0.011901 seconds 
========================================================================
Received Import Request.
  Time since last request: 0.425688 seconds.
  path: Assets/Sprites/Tiles_137.asset
  artifactKey: Guid(a73fbe8edbb371e4f888f9275559dd39) Importer(815301076,1909f56bfc062723c751e8b465ee728b)
Start importing Assets/Sprites/Tiles_137.asset using Guid(a73fbe8edbb371e4f888f9275559dd39) Importer(815301076,1909f56bfc062723c751e8b465ee728b)  -> (artifact id: 'c4f4115125a3074fa74a9a12b17a88bc') in 0.008943 seconds 
========================================================================
Received Import Request.
  Time since last request: 0.000015 seconds.
  path: Assets/Sprites/Tiles_145.asset
  artifactKey: Guid(79dd3de8d4748e54ebdd60bafdce4c89) Importer(815301076,1909f56bfc062723c751e8b465ee728b)
Start importing Assets/Sprites/Tiles_145.asset using Guid(79dd3de8d4748e54ebdd60bafdce4c89) Importer(815301076,1909f56bfc062723c751e8b465ee728b)  -> (artifact id: '1d329202763e9ef7693eff6b18ddc81f') in 0.008555 seconds 
========================================================================
Received Import Request.
  Time since last request: 0.000014 seconds.
  path: Assets/Sprites/Tiles_146.asset
  artifactKey: Guid(e2f3c9484ecbb6a4587c1d7395787da9) Importer(815301076,1909f56bfc062723c751e8b465ee728b)
Start importing Assets/Sprites/Tiles_146.asset using Guid(e2f3c9484ecbb6a4587c1d7395787da9) Importer(815301076,1909f56bfc062723c751e8b465ee728b)  -> (artifact id: 'afae4571205e32cdd7f7e9f4710c0f40') in 0.010231 seconds 
========================================================================
Received Import Request.
  Time since last request: 0.000019 seconds.
  path: Assets/Sprites/Tiles_152.asset
  artifactKey: Guid(1de7d91a631ba4243b2e403bb7e71c63) Importer(815301076,1909f56bfc062723c751e8b465ee728b)
Start importing Assets/Sprites/Tiles_152.asset using Guid(1de7d91a631ba4243b2e403bb7e71c63) Importer(815301076,1909f56bfc062723c751e8b465ee728b)  -> (artifact id: '3966aac02ff7e8278118c88d8e3fe8a5') in 0.009318 seconds 
========================================================================
Received Import Request.
  Time since last request: 0.000016 seconds.
  path: Assets/Sprites/Tiles_144.asset
  artifactKey: Guid(da1dc3b81aeeb8f4d94895fe94defdc4) Importer(815301076,1909f56bfc062723c751e8b465ee728b)
Start importing Assets/Sprites/Tiles_144.asset using Guid(da1dc3b81aeeb8f4d94895fe94defdc4) Importer(815301076,1909f56bfc062723c751e8b465ee728b)  -> (artifact id: '3c7f5b3b892ae1ef71ab9823adbe8525') in 0.011621 seconds 
========================================================================
Received Import Request.
  Time since last request: 0.000015 seconds.
  path: Assets/Sprites/Tiles_149.asset
  artifactKey: Guid(89efdea7c1f923e40994f15af75f7e59) Importer(815301076,1909f56bfc062723c751e8b465ee728b)
Start importing Assets/Sprites/Tiles_149.asset using Guid(89efdea7c1f923e40994f15af75f7e59) Importer(815301076,1909f56bfc062723c751e8b465ee728b)  -> (artifact id: '9a7f5812bb9334273b734463cbfeb92e') in 0.012762 seconds 
========================================================================
Received Import Request.
  Time since last request: 0.000017 seconds.
  path: Assets/Sprites/Tiles_161.asset
  artifactKey: Guid(422c68c2c65a52b4e8f522285151e7de) Importer(815301076,1909f56bfc062723c751e8b465ee728b)
Start importing Assets/Sprites/Tiles_161.asset using Guid(422c68c2c65a52b4e8f522285151e7de) Importer(815301076,1909f56bfc062723c751e8b465ee728b)  -> (artifact id: 'aa63aa39290ad779bd7297252ff94b01') in 0.011938 seconds 
========================================================================
Received Import Request.
  Time since last request: 0.000020 seconds.
  path: Assets/Sprites/Tiles_165.asset
  artifactKey: Guid(9816f6af39ea7584394fa15ad8cea461) Importer(815301076,1909f56bfc062723c751e8b465ee728b)
Start importing Assets/Sprites/Tiles_165.asset using Guid(9816f6af39ea7584394fa15ad8cea461) Importer(815301076,1909f56bfc062723c751e8b465ee728b)  -> (artifact id: '945afec823fae0820145975893b70ff0') in 0.012104 seconds 
========================================================================
Received Import Request.
  Time since last request: 0.000015 seconds.
  path: Assets/Sprites/Tiles_168.asset
  artifactKey: Guid(5511ce5d0e03e1448bd06de2c1688137) Importer(815301076,1909f56bfc062723c751e8b465ee728b)
Start importing Assets/Sprites/Tiles_168.asset using Guid(5511ce5d0e03e1448bd06de2c1688137) Importer(815301076,1909f56bfc062723c751e8b465ee728b)  -> (artifact id: '54d120fb8915d7a2c8794036a0ef1d2e') in 0.009472 seconds 
========================================================================
Received Import Request.
  Time since last request: 0.000021 seconds.
  path: Assets/Sprites/Tiles_160.asset
  artifactKey: Guid(d75bc938855a5c544bfbafeb6c321868) Importer(815301076,1909f56bfc062723c751e8b465ee728b)
Start importing Assets/Sprites/Tiles_160.asset using Guid(d75bc938855a5c544bfbafeb6c321868) Importer(815301076,1909f56bfc062723c751e8b465ee728b)  -> (artifact id: '62e4aa43a2548f2daee6a881b0debe6c') in 0.015055 seconds 
========================================================================
Received Import Request.
  Time since last request: 0.283794 seconds.
  path: Assets/Sprites/Tiles_169.asset
  artifactKey: Guid(c1965cb70eb098048a5ffd94e2711583) Importer(815301076,1909f56bfc062723c751e8b465ee728b)
Start importing Assets/Sprites/Tiles_169.asset using Guid(c1965cb70eb098048a5ffd94e2711583) Importer(815301076,1909f56bfc062723c751e8b465ee728b)  -> (artifact id: '6a80094a2e657270036564bb3612adf6') in 0.008327 seconds 
========================================================================
Received Import Request.
  Time since last request: 0.000017 seconds.
  path: Assets/Sprites/Tiles_173.asset
  artifactKey: Guid(6cac445e140c8294689536cdef04165e) Importer(815301076,1909f56bfc062723c751e8b465ee728b)
Start importing Assets/Sprites/Tiles_173.asset using Guid(6cac445e140c8294689536cdef04165e) Importer(815301076,1909f56bfc062723c751e8b465ee728b)  -> (artifact id: 'd0662b43b9ab07d7b63d282ac3081a4a') in 0.008894 seconds 
========================================================================
Received Import Request.
  Time since last request: 0.000015 seconds.
  path: Assets/Sprites/Tiles_174.asset
  artifactKey: Guid(a68365a6d72530145a7259f7872ddb79) Importer(815301076,1909f56bfc062723c751e8b465ee728b)
Start importing Assets/Sprites/Tiles_174.asset using Guid(a68365a6d72530145a7259f7872ddb79) Importer(815301076,1909f56bfc062723c751e8b465ee728b)  -> (artifact id: '20a03e158cc24e6a0f440f81a8b0653c') in 0.008507 seconds 
========================================================================
Received Import Request.
  Time since last request: 0.000015 seconds.
  path: Assets/Sprites/Tiles_177.asset
  artifactKey: Guid(439ffa5345a96314a8870442b1586f53) Importer(815301076,1909f56bfc062723c751e8b465ee728b)
Start importing Assets/Sprites/Tiles_177.asset using Guid(439ffa5345a96314a8870442b1586f53) Importer(815301076,1909f56bfc062723c751e8b465ee728b)  -> (artifact id: 'ea1f928dfa9efc790c3f52b1424ee197') in 0.008398 seconds 
========================================================================
Received Import Request.
  Time since last request: 0.000016 seconds.
  path: Assets/Sprites/Tiles_176.asset
  artifactKey: Guid(fa5f99e1a246ef5428c08f3e035efaaf) Importer(815301076,1909f56bfc062723c751e8b465ee728b)
Start importing Assets/Sprites/Tiles_176.asset using Guid(fa5f99e1a246ef5428c08f3e035efaaf) Importer(815301076,1909f56bfc062723c751e8b465ee728b)  -> (artifact id: 'a3df6c2045b14adbfd4ab67779098db2') in 0.007774 seconds 
========================================================================
Received Import Request.
  Time since last request: 381.458535 seconds.
  path: Assets/Sprites/Tiles.png
  artifactKey: Guid(14810c07760a2e74293966763b8bc37a) Importer(815301076,1909f56bfc062723c751e8b465ee728b)
Start importing Assets/Sprites/Tiles.png using Guid(14810c07760a2e74293966763b8bc37a) Importer(815301076,1909f56bfc062723c751e8b465ee728b)  -> (artifact id: '0550f9b5b0cf4d129d141c8e67fee82e') in 0.519731 seconds 
========================================================================
Received Import Request.
  Time since last request: 0.000019 seconds.
  path: Assets/Sprites/Tiles_36.asset
  artifactKey: Guid(b88db4822dcee22478c02188aad6925e) Importer(815301076,1909f56bfc062723c751e8b465ee728b)
Start importing Assets/Sprites/Tiles_36.asset using Guid(b88db4822dcee22478c02188aad6925e) Importer(815301076,1909f56bfc062723c751e8b465ee728b)  -> (artifact id: '7fd47bf1b010c1f89321a4abc81387b9') in 0.006734 seconds 
========================================================================
Received Import Request.
  Time since last request: 0.000030 seconds.
  path: Assets/Sprites/Tiles_46.asset
  artifactKey: Guid(cd63b3d6ae4cc9c408dfd5815ecd2a88) Importer(815301076,1909f56bfc062723c751e8b465ee728b)
Start importing Assets/Sprites/Tiles_46.asset using Guid(cd63b3d6ae4cc9c408dfd5815ecd2a88) Importer(815301076,1909f56bfc062723c751e8b465ee728b)  -> (artifact id: 'da00e206c8a3921855e3b9c7f9fe1f51') in 0.008756 seconds 
========================================================================
Received Import Request.
  Time since last request: 0.000016 seconds.
  path: Assets/Sprites/Tiles_27.asset
  artifactKey: Guid(a087a05a0dfaf0041b40b10655ff4793) Importer(815301076,1909f56bfc062723c751e8b465ee728b)
Start importing Assets/Sprites/Tiles_27.asset using Guid(a087a05a0dfaf0041b40b10655ff4793) Importer(815301076,1909f56bfc062723c751e8b465ee728b)  -> (artifact id: '07def040693ed259fefa3e7d5ccce456') in 0.007453 seconds 
========================================================================
Received Import Request.
  Time since last request: 0.000019 seconds.
  path: Assets/Sprites/Tiles_29.asset
  artifactKey: Guid(04d0ecd0b792a7a46aee97e5d64634aa) Importer(815301076,1909f56bfc062723c751e8b465ee728b)
Start importing Assets/Sprites/Tiles_29.asset using Guid(04d0ecd0b792a7a46aee97e5d64634aa) Importer(815301076,1909f56bfc062723c751e8b465ee728b)  -> (artifact id: '7857d270ed0b0e07709598557495e475') in 0.006987 seconds 
========================================================================
Received Import Request.
  Time since last request: 0.000028 seconds.
  path: Assets/Sprites/Tiles_3.asset
  artifactKey: Guid(4557ecf2ffb9b8f419b1933376a3b4b8) Importer(815301076,1909f56bfc062723c751e8b465ee728b)
Start importing Assets/Sprites/Tiles_3.asset using Guid(4557ecf2ffb9b8f419b1933376a3b4b8) Importer(815301076,1909f56bfc062723c751e8b465ee728b)  -> (artifact id: '9ef4fcaf3ca40289983dd0aff0d406cb') in 0.007858 seconds 
========================================================================
Received Import Request.
  Time since last request: 0.000019 seconds.
  path: Assets/Sprites/Tiles_41.asset
  artifactKey: Guid(3f7354f4ff0ae9a4b86f2470abb9db1c) Importer(815301076,1909f56bfc062723c751e8b465ee728b)
Start importing Assets/Sprites/Tiles_41.asset using Guid(3f7354f4ff0ae9a4b86f2470abb9db1c) Importer(815301076,1909f56bfc062723c751e8b465ee728b)  -> (artifact id: '3c2812696ed5a3c1816ed8ad28d0d1b7') in 0.006585 seconds 
========================================================================
Received Import Request.
  Time since last request: 0.000016 seconds.
  path: Assets/Sprites/Tiles_19.asset
  artifactKey: Guid(6584b5f9ca2e54546a7ba4a8d4c08f74) Importer(815301076,1909f56bfc062723c751e8b465ee728b)
Start importing Assets/Sprites/Tiles_19.asset using Guid(6584b5f9ca2e54546a7ba4a8d4c08f74) Importer(815301076,1909f56bfc062723c751e8b465ee728b)  -> (artifact id: '18d4e89bb1f9cf49ddca4a432777ce2b') in 0.007107 seconds 
========================================================================
Received Import Request.
  Time since last request: 0.000017 seconds.
  path: Assets/Sprites/Tiles_35.asset
  artifactKey: Guid(a36cfb1e5e042d3448f535eb2bf658c9) Importer(815301076,1909f56bfc062723c751e8b465ee728b)
Start importing Assets/Sprites/Tiles_35.asset using Guid(a36cfb1e5e042d3448f535eb2bf658c9) Importer(815301076,1909f56bfc062723c751e8b465ee728b)  -> (artifact id: 'c0f93593217d7781681473bdf41b0154') in 0.007010 seconds 
========================================================================
Received Import Request.
  Time since last request: 0.000014 seconds.
  path: Assets/Sprites/Tiles_13.asset
  artifactKey: Guid(dd3833f79a197cf4988a327ae1e0a709) Importer(815301076,1909f56bfc062723c751e8b465ee728b)
Start importing Assets/Sprites/Tiles_13.asset using Guid(dd3833f79a197cf4988a327ae1e0a709) Importer(815301076,1909f56bfc062723c751e8b465ee728b)  -> (artifact id: '76bce8a1a6b95bf482687f4953e4ad79') in 0.006827 seconds 
========================================================================
Received Import Request.
  Time since last request: 0.000014 seconds.
  path: Assets/Sprites/Tiles_40.asset
  artifactKey: Guid(df62419ada9653748a5a106e1d9e7fa4) Importer(815301076,1909f56bfc062723c751e8b465ee728b)
Start importing Assets/Sprites/Tiles_40.asset using Guid(df62419ada9653748a5a106e1d9e7fa4) Importer(815301076,1909f56bfc062723c751e8b465ee728b)  -> (artifact id: 'd6c4a7d021fa1ad2ddc3d2ab2036a3e6') in 0.006556 seconds 
========================================================================
Received Import Request.
  Time since last request: 0.000018 seconds.
  path: Assets/Sprites/Tiles_10.asset
  artifactKey: Guid(4dbeb1025838ca74594846675c255476) Importer(815301076,1909f56bfc062723c751e8b465ee728b)
Start importing Assets/Sprites/Tiles_10.asset using Guid(4dbeb1025838ca74594846675c255476) Importer(815301076,1909f56bfc062723c751e8b465ee728b)  -> (artifact id: 'c6f42a950b8f62a5a49ce53009b1ee62') in 0.007397 seconds 
========================================================================
Received Import Request.
  Time since last request: 0.000014 seconds.
  path: Assets/Sprites/Tiles_54.asset
  artifactKey: Guid(958ffc92cf8545b4da32b42df44e3669) Importer(815301076,1909f56bfc062723c751e8b465ee728b)
Start importing Assets/Sprites/Tiles_54.asset using Guid(958ffc92cf8545b4da32b42df44e3669) Importer(815301076,1909f56bfc062723c751e8b465ee728b)  -> (artifact id: 'b9a251d2d7d3140cddcdcb42bdb14120') in 0.008731 seconds 
========================================================================
Received Import Request.
  Time since last request: 0.000018 seconds.
  path: Assets/Sprites/Tiles_7.asset
  artifactKey: Guid(8280440454f256b4698994035fef54ce) Importer(815301076,1909f56bfc062723c751e8b465ee728b)
Start importing Assets/Sprites/Tiles_7.asset using Guid(8280440454f256b4698994035fef54ce) Importer(815301076,1909f56bfc062723c751e8b465ee728b)  -> (artifact id: 'dc60869e485c030f8a95ebb9767c098c') in 0.007471 seconds 
========================================================================
Received Import Request.
  Time since last request: 0.000016 seconds.
  path: Assets/Sprites/Tiles_5.asset
  artifactKey: Guid(a1ded5925455f1e478d27966f12f0212) Importer(815301076,1909f56bfc062723c751e8b465ee728b)
Start importing Assets/Sprites/Tiles_5.asset using Guid(a1ded5925455f1e478d27966f12f0212) Importer(815301076,1909f56bfc062723c751e8b465ee728b)  -> (artifact id: '25c3f6c17f7bbaa4e7a46709a4652cb6') in 0.006879 seconds 
========================================================================
Received Import Request.
  Time since last request: 238.773260 seconds.
  path: Assets/Sprites/Tiles_55.asset
  artifactKey: Guid(1ece80bbcf862a942963a9a263801632) Importer(815301076,1909f56bfc062723c751e8b465ee728b)
Start importing Assets/Sprites/Tiles_55.asset using Guid(1ece80bbcf862a942963a9a263801632) Importer(815301076,1909f56bfc062723c751e8b465ee728b)  -> (artifact id: '7bc0b54c1101481ff4372df96ab8b8d1') in 0.008645 seconds 
========================================================================
Received Import Request.
  Time since last request: 0.000017 seconds.
  path: Assets/Sprites/Tiles_59.asset
  artifactKey: Guid(2624a6e42b9684847b93cf343bca0407) Importer(815301076,1909f56bfc062723c751e8b465ee728b)
Start importing Assets/Sprites/Tiles_59.asset using Guid(2624a6e42b9684847b93cf343bca0407) Importer(815301076,1909f56bfc062723c751e8b465ee728b)  -> (artifact id: 'd33992bfbc23d940973261d25dacac36') in 0.006255 seconds 
========================================================================
Received Import Request.
  Time since last request: 0.000016 seconds.
  path: Assets/Sprites/Tiles_73.asset
  artifactKey: Guid(6487b32b9f7b85745a209ee16d9a226e) Importer(815301076,1909f56bfc062723c751e8b465ee728b)
Start importing Assets/Sprites/Tiles_73.asset using Guid(6487b32b9f7b85745a209ee16d9a226e) Importer(815301076,1909f56bfc062723c751e8b465ee728b)  -> (artifact id: 'a0fe97f693b944f058e23911de9acf46') in 0.006028 seconds 
========================================================================
Received Import Request.
  Time since last request: 0.000023 seconds.
  path: Assets/Sprites/Tiles_63.asset
  artifactKey: Guid(20b37f444ddc69d4a8a3b9bbc258f02d) Importer(815301076,1909f56bfc062723c751e8b465ee728b)
Start importing Assets/Sprites/Tiles_63.asset using Guid(20b37f444ddc69d4a8a3b9bbc258f02d) Importer(815301076,1909f56bfc062723c751e8b465ee728b)  -> (artifact id: '227016736ac71d4d9101e24e386181e8') in 0.006690 seconds 
========================================================================
Received Import Request.
  Time since last request: 0.000013 seconds.
  path: Assets/Sprites/Tiles_66.asset
  artifactKey: Guid(fcf5ce44e52b39c47b348bb965ff652a) Importer(815301076,1909f56bfc062723c751e8b465ee728b)
Start importing Assets/Sprites/Tiles_66.asset using Guid(fcf5ce44e52b39c47b348bb965ff652a) Importer(815301076,1909f56bfc062723c751e8b465ee728b)  -> (artifact id: 'ac1af7434d99f81322b0c06454b1a431') in 0.006235 seconds 
========================================================================
Received Import Request.
  Time since last request: 0.000014 seconds.
  path: Assets/Sprites/Tiles_61.asset
  artifactKey: Guid(bc9971d9a09b52244a282f23a8b94bc0) Importer(815301076,1909f56bfc062723c751e8b465ee728b)
Start importing Assets/Sprites/Tiles_61.asset using Guid(bc9971d9a09b52244a282f23a8b94bc0) Importer(815301076,1909f56bfc062723c751e8b465ee728b)  -> (artifact id: 'f036f2d2d60ba9accae658a5c1ed883d') in 0.005956 seconds 
========================================================================
Received Import Request.
  Time since last request: 0.000014 seconds.
  path: Assets/Sprites/Tiles_70.asset
  artifactKey: Guid(d99c5742548cabd49b318bc737ad73c4) Importer(815301076,1909f56bfc062723c751e8b465ee728b)
Start importing Assets/Sprites/Tiles_70.asset using Guid(d99c5742548cabd49b318bc737ad73c4) Importer(815301076,1909f56bfc062723c751e8b465ee728b)  -> (artifact id: 'b8268b8321d73277c45137c32ab597a4') in 0.005997 seconds 
========================================================================
Received Import Request.
  Time since last request: 0.000011 seconds.
  path: Assets/Sprites/Tiles_71.asset
  artifactKey: Guid(f25520b0eecb06f4fb15c5d89fef950d) Importer(815301076,1909f56bfc062723c751e8b465ee728b)
Start importing Assets/Sprites/Tiles_71.asset using Guid(f25520b0eecb06f4fb15c5d89fef950d) Importer(815301076,1909f56bfc062723c751e8b465ee728b)  -> (artifact id: '3a14a36fb0f38649c1b68d0ff260f141') in 0.005704 seconds 
========================================================================
Received Import Request.
  Time since last request: 0.000011 seconds.
  path: Assets/Sprites/Tiles_57.asset
  artifactKey: Guid(091ce9b99e609d049a488fe096747ef6) Importer(815301076,1909f56bfc062723c751e8b465ee728b)
Start importing Assets/Sprites/Tiles_57.asset using Guid(091ce9b99e609d049a488fe096747ef6) Importer(815301076,1909f56bfc062723c751e8b465ee728b)  -> (artifact id: '3f6700f0fcb3329c7b678ab2cc13c72a') in 0.006101 seconds 
========================================================================
Received Import Request.
  Time since last request: 0.000012 seconds.
  path: Assets/Sprites/Tiles_64.asset
  artifactKey: Guid(05589adc3b0bb554a86363aaaceb8878) Importer(815301076,1909f56bfc062723c751e8b465ee728b)
Start importing Assets/Sprites/Tiles_64.asset using Guid(05589adc3b0bb554a86363aaaceb8878) Importer(815301076,1909f56bfc062723c751e8b465ee728b)  -> (artifact id: '6cd4362c31ae45ebd52f99b36eff39d0') in 0.005890 seconds 
========================================================================
Received Import Request.
  Time since last request: 0.000015 seconds.
  path: Assets/Sprites/Tiles_69.asset
  artifactKey: Guid(ce9488583f4c2414f807f755de5035c6) Importer(815301076,1909f56bfc062723c751e8b465ee728b)
Start importing Assets/Sprites/Tiles_69.asset using Guid(ce9488583f4c2414f807f755de5035c6) Importer(815301076,1909f56bfc062723c751e8b465ee728b)  -> (artifact id: '7a39b9eecb981909872fa62948b07996') in 0.006984 seconds 
========================================================================
Received Import Request.
  Time since last request: 0.000022 seconds.
  path: Assets/Sprites/Tiles_72.asset
  artifactKey: Guid(23204d7fd2c5d3d4fbfb8e82c7612720) Importer(815301076,1909f56bfc062723c751e8b465ee728b)
Start importing Assets/Sprites/Tiles_72.asset using Guid(23204d7fd2c5d3d4fbfb8e82c7612720) Importer(815301076,1909f56bfc062723c751e8b465ee728b)  -> (artifact id: 'ccd6176624767dd22f1df4708e3f696e') in 0.008373 seconds 
========================================================================
Received Import Request.
  Time since last request: 13.597007 seconds.
  path: Assets/Sprites/Tiles_75.asset
  artifactKey: Guid(dda10382b87597a4297485b9aede6453) Importer(815301076,1909f56bfc062723c751e8b465ee728b)
Start importing Assets/Sprites/Tiles_75.asset using Guid(dda10382b87597a4297485b9aede6453) Importer(815301076,1909f56bfc062723c751e8b465ee728b)  -> (artifact id: 'cd3789a63ce7d25d4f5238500cd4b1e7') in 0.008784 seconds 
========================================================================
Received Import Request.
  Time since last request: 0.000015 seconds.
  path: Assets/Sprites/Tiles_89.asset
  artifactKey: Guid(527f2424848d1ef41a448a25adeb6e51) Importer(815301076,1909f56bfc062723c751e8b465ee728b)
Start importing Assets/Sprites/Tiles_89.asset using Guid(527f2424848d1ef41a448a25adeb6e51) Importer(815301076,1909f56bfc062723c751e8b465ee728b)  -> (artifact id: 'a21cabf46934e063abf834948bf18494') in 0.008682 seconds 
========================================================================
Received Import Request.
  Time since last request: 0.000017 seconds.
  path: Assets/Sprites/Tiles_83.asset
  artifactKey: Guid(77a4d66265871cb4387756efe2885ccc) Importer(815301076,1909f56bfc062723c751e8b465ee728b)
Start importing Assets/Sprites/Tiles_83.asset using Guid(77a4d66265871cb4387756efe2885ccc) Importer(815301076,1909f56bfc062723c751e8b465ee728b)  -> (artifact id: '23b7bc61c42743bbe1d65de23a8c61b2') in 0.010879 seconds 
========================================================================
Received Import Request.
  Time since last request: 0.000017 seconds.
  path: Assets/Sprites/Tiles_88.asset
  artifactKey: Guid(0d93ea887b80b1440afc649cf91c1ca8) Importer(815301076,1909f56bfc062723c751e8b465ee728b)
Start importing Assets/Sprites/Tiles_88.asset using Guid(0d93ea887b80b1440afc649cf91c1ca8) Importer(815301076,1909f56bfc062723c751e8b465ee728b)  -> (artifact id: 'd11a2a3b79cebc9a2fe4ff41bfcfee93') in 0.008432 seconds 
========================================================================
Received Import Request.
  Time since last request: 0.000013 seconds.
  path: Assets/Sprites/Tiles_94.asset
  artifactKey: Guid(cd581a031ff1b3d40b9f833d85dce62f) Importer(815301076,1909f56bfc062723c751e8b465ee728b)
Start importing Assets/Sprites/Tiles_94.asset using Guid(cd581a031ff1b3d40b9f833d85dce62f) Importer(815301076,1909f56bfc062723c751e8b465ee728b)  -> (artifact id: '565588d622600e5456b12e34290845f9') in 0.011889 seconds 
========================================================================
Received Import Request.
  Time since last request: 0.000016 seconds.
  path: Assets/Sprites/Tiles_104.asset
  artifactKey: Guid(481e92b771feb91459be419720530e7e) Importer(815301076,1909f56bfc062723c751e8b465ee728b)
Start importing Assets/Sprites/Tiles_104.asset using Guid(481e92b771feb91459be419720530e7e) Importer(815301076,1909f56bfc062723c751e8b465ee728b)  -> (artifact id: '4fa57986acf4729ae9eb29a0130e6cf0') in 0.009458 seconds 
========================================================================
Received Import Request.
  Time since last request: 0.000015 seconds.
  path: Assets/Sprites/Tiles_131.asset
  artifactKey: Guid(9fbf0baa90399704ba7fba0031230023) Importer(815301076,1909f56bfc062723c751e8b465ee728b)
Start importing Assets/Sprites/Tiles_131.asset using Guid(9fbf0baa90399704ba7fba0031230023) Importer(815301076,1909f56bfc062723c751e8b465ee728b)  -> (artifact id: '0455d80d047d7dcbd132e9445a6bc721') in 0.008312 seconds 
========================================================================
Received Import Request.
  Time since last request: 0.000021 seconds.
  path: Assets/Sprites/Tiles_95.asset
  artifactKey: Guid(565d0a515fd1f3242b1628ce97554df3) Importer(815301076,1909f56bfc062723c751e8b465ee728b)
Start importing Assets/Sprites/Tiles_95.asset using Guid(565d0a515fd1f3242b1628ce97554df3) Importer(815301076,1909f56bfc062723c751e8b465ee728b)  -> (artifact id: '6488f6650d58c8dbc2b1afaa55aa99b0') in 0.010039 seconds 
========================================================================
Received Import Request.
  Time since last request: 0.000019 seconds.
  path: Assets/Sprites/Tiles_145.asset
  artifactKey: Guid(79dd3de8d4748e54ebdd60bafdce4c89) Importer(815301076,1909f56bfc062723c751e8b465ee728b)
Start importing Assets/Sprites/Tiles_145.asset using Guid(79dd3de8d4748e54ebdd60bafdce4c89) Importer(815301076,1909f56bfc062723c751e8b465ee728b)  -> (artifact id: '7acbab17c2912af6458fcb89ea7288ec') in 0.008169 seconds 
========================================================================
Received Import Request.
  Time since last request: 0.000014 seconds.
  path: Assets/Sprites/Tiles_164.asset
  artifactKey: Guid(d3fe2daec7aee9d408830299a1975dd8) Importer(815301076,1909f56bfc062723c751e8b465ee728b)
Start importing Assets/Sprites/Tiles_164.asset using Guid(d3fe2daec7aee9d408830299a1975dd8) Importer(815301076,1909f56bfc062723c751e8b465ee728b)  -> (artifact id: 'c2280e10edf9571bd1ba6011f0f60309') in 0.009162 seconds 
========================================================================
Received Import Request.
  Time since last request: 0.000013 seconds.
  path: Assets/Sprites/Tiles_120.asset
  artifactKey: Guid(8f246e91bff491947b32b6cc6e0429c6) Importer(815301076,1909f56bfc062723c751e8b465ee728b)
Start importing Assets/Sprites/Tiles_120.asset using Guid(8f246e91bff491947b32b6cc6e0429c6) Importer(815301076,1909f56bfc062723c751e8b465ee728b)  -> (artifact id: 'dd6e7af3ed245df4f8ed8afe76c3c2df') in 0.009893 seconds 
========================================================================
Received Import Request.
  Time since last request: 0.000017 seconds.
  path: Assets/Sprites/Tiles_179.asset
  artifactKey: Guid(626069a7d1cdf8a48b113a1eb6355b91) Importer(815301076,1909f56bfc062723c751e8b465ee728b)
Start importing Assets/Sprites/Tiles_179.asset using Guid(626069a7d1cdf8a48b113a1eb6355b91) Importer(815301076,1909f56bfc062723c751e8b465ee728b)  -> (artifact id: 'a82a246176fdf2bda3a9b57a34624f20') in 0.008334 seconds 
========================================================================
Received Import Request.
  Time since last request: 0.000014 seconds.
  path: Assets/Sprites/Tiles_144.asset
  artifactKey: Guid(da1dc3b81aeeb8f4d94895fe94defdc4) Importer(815301076,1909f56bfc062723c751e8b465ee728b)
Start importing Assets/Sprites/Tiles_144.asset using Guid(da1dc3b81aeeb8f4d94895fe94defdc4) Importer(815301076,1909f56bfc062723c751e8b465ee728b)  -> (artifact id: '670bca07634e01a6333fc92dd82559b5') in 0.009049 seconds 
========================================================================
Received Import Request.
  Time since last request: 0.000014 seconds.
  path: Assets/Sprites/Tiles_125.asset
  artifactKey: Guid(21e2585fbe881004aac2e28284b41d1b) Importer(815301076,1909f56bfc062723c751e8b465ee728b)
Start importing Assets/Sprites/Tiles_125.asset using Guid(21e2585fbe881004aac2e28284b41d1b) Importer(815301076,1909f56bfc062723c751e8b465ee728b)  -> (artifact id: 'dd7b154afe22b1863779bbe0b324060b') in 0.009497 seconds 
========================================================================
Received Import Request.
  Time since last request: 0.000014 seconds.
  path: Assets/Sprites/Tiles_130.asset
  artifactKey: Guid(3a5826681d0b7f844930d18aede5af2b) Importer(815301076,1909f56bfc062723c751e8b465ee728b)
Start importing Assets/Sprites/Tiles_130.asset using Guid(3a5826681d0b7f844930d18aede5af2b) Importer(815301076,1909f56bfc062723c751e8b465ee728b)  -> (artifact id: '59d8e35a6e4ce2fa430918233f2efe45') in 0.006277 seconds 
========================================================================
Received Import Request.
  Time since last request: 0.000014 seconds.
  path: Assets/Sprites/Tiles_173.asset
  artifactKey: Guid(6cac445e140c8294689536cdef04165e) Importer(815301076,1909f56bfc062723c751e8b465ee728b)
Start importing Assets/Sprites/Tiles_173.asset using Guid(6cac445e140c8294689536cdef04165e) Importer(815301076,1909f56bfc062723c751e8b465ee728b)  -> (artifact id: '5d56eaee1f3e72c7fb7c25ccfad52709') in 0.006625 seconds 
========================================================================
Received Import Request.
  Time since last request: 0.000013 seconds.
  path: Assets/Sprites/Tiles_79.asset
  artifactKey: Guid(cdf78905899a48c49b1c075464a3e505) Importer(815301076,1909f56bfc062723c751e8b465ee728b)
Start importing Assets/Sprites/Tiles_79.asset using Guid(cdf78905899a48c49b1c075464a3e505) Importer(815301076,1909f56bfc062723c751e8b465ee728b)  -> (artifact id: '957709267f70587e8355e67e0766d91d') in 0.007000 seconds 
========================================================================
Received Import Request.
  Time since last request: 0.000015 seconds.
  path: Assets/Sprites/Tiles_159.asset
  artifactKey: Guid(6374b85da42937e4d8f5900630f5c4c5) Importer(815301076,1909f56bfc062723c751e8b465ee728b)
Start importing Assets/Sprites/Tiles_159.asset using Guid(6374b85da42937e4d8f5900630f5c4c5) Importer(815301076,1909f56bfc062723c751e8b465ee728b)  -> (artifact id: 'fb7af8877d3bcaae260ea46a34bc3739') in 0.006940 seconds 
========================================================================
Received Import Request.
  Time since last request: 0.000018 seconds.
  path: Assets/Sprites/Tiles_156.asset
  artifactKey: Guid(e7182b25a9f860f49aab605dbf06afcd) Importer(815301076,1909f56bfc062723c751e8b465ee728b)
Start importing Assets/Sprites/Tiles_156.asset using Guid(e7182b25a9f860f49aab605dbf06afcd) Importer(815301076,1909f56bfc062723c751e8b465ee728b)  -> (artifact id: '724c398ec924e9d542b6241a6379b31e') in 0.007200 seconds 
========================================================================
Received Import Request.
  Time since last request: 0.000015 seconds.
  path: Assets/Sprites/Tiles_105.asset
  artifactKey: Guid(01c8723230b241047b2fbbc6ed2d54cb) Importer(815301076,1909f56bfc062723c751e8b465ee728b)
Start importing Assets/Sprites/Tiles_105.asset using Guid(01c8723230b241047b2fbbc6ed2d54cb) Importer(815301076,1909f56bfc062723c751e8b465ee728b)  -> (artifact id: 'c94e3bf35ea549e6899ecb7bcb8c2f5b') in 0.008057 seconds 
========================================================================
Received Import Request.
  Time since last request: 0.000015 seconds.
  path: Assets/Sprites/Tiles_86.asset
  artifactKey: Guid(9e438cfc744db9c42ba3650e63adc5fc) Importer(815301076,1909f56bfc062723c751e8b465ee728b)
Start importing Assets/Sprites/Tiles_86.asset using Guid(9e438cfc744db9c42ba3650e63adc5fc) Importer(815301076,1909f56bfc062723c751e8b465ee728b)  -> (artifact id: 'bfc4c1e5701711acb7cc305820a44363') in 0.009929 seconds 
========================================================================
Received Import Request.
  Time since last request: 0.000016 seconds.
  path: Assets/Sprites/Tiles_108.asset
  artifactKey: Guid(eb79bb7bec9db48479cf8f5ad08dae1e) Importer(815301076,1909f56bfc062723c751e8b465ee728b)
Start importing Assets/Sprites/Tiles_108.asset using Guid(eb79bb7bec9db48479cf8f5ad08dae1e) Importer(815301076,1909f56bfc062723c751e8b465ee728b)  -> (artifact id: '4fc1196ac1c6d50bcd4525cbdfa6638b') in 0.008455 seconds 
========================================================================
Received Import Request.
  Time since last request: 0.000015 seconds.
  path: Assets/Sprites/Tiles_118.asset
  artifactKey: Guid(475f8be39c10dac4a847ee2a436110e6) Importer(815301076,1909f56bfc062723c751e8b465ee728b)
Start importing Assets/Sprites/Tiles_118.asset using Guid(475f8be39c10dac4a847ee2a436110e6) Importer(815301076,1909f56bfc062723c751e8b465ee728b)  -> (artifact id: '05cc52a37dcbb55f2770cafc214a43d2') in 0.008393 seconds 
========================================================================
Received Import Request.
  Time since last request: 0.000014 seconds.
  path: Assets/Sprites/Tiles_166.asset
  artifactKey: Guid(b82a394318ac67a469c72e3641f5d619) Importer(815301076,1909f56bfc062723c751e8b465ee728b)
Start importing Assets/Sprites/Tiles_166.asset using Guid(b82a394318ac67a469c72e3641f5d619) Importer(815301076,1909f56bfc062723c751e8b465ee728b)  -> (artifact id: '7a9c593d6679af5936be934f48495eb2') in 0.009140 seconds 
========================================================================
Received Import Request.
  Time since last request: 0.000017 seconds.
  path: Assets/Sprites/Tiles_112.asset
  artifactKey: Guid(e0dfaeed40a21f542ba195d9401ac43b) Importer(815301076,1909f56bfc062723c751e8b465ee728b)
Start importing Assets/Sprites/Tiles_112.asset using Guid(e0dfaeed40a21f542ba195d9401ac43b) Importer(815301076,1909f56bfc062723c751e8b465ee728b)  -> (artifact id: '956cb1a64bcfb619d4c06d627597b13d') in 0.009026 seconds 
========================================================================
Received Import Request.
  Time since last request: 0.000023 seconds.
  path: Assets/Sprites/Tiles_121.asset
  artifactKey: Guid(d904e100d818a964b88a24c7e1e862c5) Importer(815301076,1909f56bfc062723c751e8b465ee728b)
Start importing Assets/Sprites/Tiles_121.asset using Guid(d904e100d818a964b88a24c7e1e862c5) Importer(815301076,1909f56bfc062723c751e8b465ee728b)  -> (artifact id: 'fa191bf4ddd0ab8b306f0662bfe41477') in 0.009828 seconds 
========================================================================
Received Import Request.
  Time since last request: 0.000023 seconds.
  path: Assets/Sprites/Tiles_180.asset
  artifactKey: Guid(f538f42b8ab1af642af8ed32d6657f0e) Importer(815301076,1909f56bfc062723c751e8b465ee728b)
Start importing Assets/Sprites/Tiles_180.asset using Guid(f538f42b8ab1af642af8ed32d6657f0e) Importer(815301076,1909f56bfc062723c751e8b465ee728b)  -> (artifact id: 'f7eec716b8be28773ebc723d91b0abbd') in 0.008710 seconds 
========================================================================
Received Import Request.
  Time since last request: 0.000017 seconds.
  path: Assets/Sprites/Tiles_172.asset
  artifactKey: Guid(2ca0d0e71805b254a9f6f5e5fc5d3a0d) Importer(815301076,1909f56bfc062723c751e8b465ee728b)
Start importing Assets/Sprites/Tiles_172.asset using Guid(2ca0d0e71805b254a9f6f5e5fc5d3a0d) Importer(815301076,1909f56bfc062723c751e8b465ee728b)  -> (artifact id: '9b550979d690311e2815e21e432f78c3') in 0.008627 seconds 
========================================================================
Received Import Request.
  Time since last request: 0.000016 seconds.
  path: Assets/Sprites/Tiles_148.asset
  artifactKey: Guid(3170f606c1019214cbaedc9689a82bf1) Importer(815301076,1909f56bfc062723c751e8b465ee728b)
Start importing Assets/Sprites/Tiles_148.asset using Guid(3170f606c1019214cbaedc9689a82bf1) Importer(815301076,1909f56bfc062723c751e8b465ee728b)  -> (artifact id: '48dbecc484dd53137d7b45fa49205c5d') in 0.007535 seconds 
========================================================================
Received Import Request.
  Time since last request: 0.000015 seconds.
  path: Assets/Sprites/Tiles_119.asset
  artifactKey: Guid(a5299d5315939f64c9c81b3d34e2133a) Importer(815301076,1909f56bfc062723c751e8b465ee728b)
Start importing Assets/Sprites/Tiles_119.asset using Guid(a5299d5315939f64c9c81b3d34e2133a) Importer(815301076,1909f56bfc062723c751e8b465ee728b)  -> (artifact id: '0090af861036946d81fcdb63e3d29803') in 0.008088 seconds 
========================================================================
Received Import Request.
  Time since last request: 0.000022 seconds.
  path: Assets/Sprites/Tiles_109.asset
  artifactKey: Guid(e8611dfdd4f49e3428ed1e79cc04f764) Importer(815301076,1909f56bfc062723c751e8b465ee728b)
Start importing Assets/Sprites/Tiles_109.asset using Guid(e8611dfdd4f49e3428ed1e79cc04f764) Importer(815301076,1909f56bfc062723c751e8b465ee728b)  -> (artifact id: '71a06efd4a6cc4ab8006f340f6bb39b7') in 0.008946 seconds 
========================================================================
Received Import Request.
  Time since last request: 0.000018 seconds.
  path: Assets/Sprites/Tiles_161.asset
  artifactKey: Guid(422c68c2c65a52b4e8f522285151e7de) Importer(815301076,1909f56bfc062723c751e8b465ee728b)
Start importing Assets/Sprites/Tiles_161.asset using Guid(422c68c2c65a52b4e8f522285151e7de) Importer(815301076,1909f56bfc062723c751e8b465ee728b)  -> (artifact id: 'a35630da2908aa79e1fb01d95a9215a3') in 0.008238 seconds 
========================================================================
Received Import Request.
  Time since last request: 0.000019 seconds.
  path: Assets/Sprites/Tiles_142.asset
  artifactKey: Guid(0e278c022145bdb4983e490991ade175) Importer(815301076,1909f56bfc062723c751e8b465ee728b)
Start importing Assets/Sprites/Tiles_142.asset using Guid(0e278c022145bdb4983e490991ade175) Importer(815301076,1909f56bfc062723c751e8b465ee728b)  -> (artifact id: '4a66c0787c63edfece062af495dec765') in 0.007987 seconds 
========================================================================
Received Import Request.
  Time since last request: 0.000018 seconds.
  path: Assets/Sprites/Tiles_132.asset
  artifactKey: Guid(d22d5d649678e7b42ba9bc44d8eaea33) Importer(815301076,1909f56bfc062723c751e8b465ee728b)
Start importing Assets/Sprites/Tiles_132.asset using Guid(d22d5d649678e7b42ba9bc44d8eaea33) Importer(815301076,1909f56bfc062723c751e8b465ee728b)  -> (artifact id: 'a5d0bb3b80c2e94017808611fc14f2ae') in 0.007609 seconds 
========================================================================
Received Import Request.
  Time since last request: 0.000017 seconds.
  path: Assets/Sprites/Tiles_107.asset
  artifactKey: Guid(e406031fc2767dd41a406e6254762b97) Importer(815301076,1909f56bfc062723c751e8b465ee728b)
Start importing Assets/Sprites/Tiles_107.asset using Guid(e406031fc2767dd41a406e6254762b97) Importer(815301076,1909f56bfc062723c751e8b465ee728b)  -> (artifact id: '83b40b203879fbbb2cc3b81b4cc68ccf') in 0.008483 seconds 
========================================================================
Received Import Request.
  Time since last request: 0.000018 seconds.
  path: Assets/Sprites/Tiles_113.asset
  artifactKey: Guid(6b87555a3c97e3449a84f65de54c95ff) Importer(815301076,1909f56bfc062723c751e8b465ee728b)
Start importing Assets/Sprites/Tiles_113.asset using Guid(6b87555a3c97e3449a84f65de54c95ff) Importer(815301076,1909f56bfc062723c751e8b465ee728b)  -> (artifact id: '7eee4dd0614e4d97cebd19d030199723') in 0.007998 seconds 
========================================================================
Received Import Request.
  Time since last request: 0.000018 seconds.
  path: Assets/Sprites/Tiles_150.asset
  artifactKey: Guid(1bed58ccfb272a340b7f494354566412) Importer(815301076,1909f56bfc062723c751e8b465ee728b)
Start importing Assets/Sprites/Tiles_150.asset using Guid(1bed58ccfb272a340b7f494354566412) Importer(815301076,1909f56bfc062723c751e8b465ee728b)  -> (artifact id: '84eae708d994d16c3400d4e0577a07e3') in 0.008886 seconds 
========================================================================
Received Import Request.
  Time since last request: 0.000018 seconds.
  path: Assets/Sprites/Tiles_135.asset
  artifactKey: Guid(0a8cb460d5bddff42bc18c83b1432820) Importer(815301076,1909f56bfc062723c751e8b465ee728b)
Start importing Assets/Sprites/Tiles_135.asset using Guid(0a8cb460d5bddff42bc18c83b1432820) Importer(815301076,1909f56bfc062723c751e8b465ee728b)  -> (artifact id: '4782dfcea5885238d3b33ea357242391') in 0.008325 seconds 
Editor requested this worker to shutdown with reason: Scaling down because of idle timeout
AssetImportWorker is now disconnected from the server
Process exiting
Exiting without the bug reporter. Application will terminate with return code 0