Using pre-set license
Built from '2021.2/staging' branch; Version is '2021.2.10f1 (ee872746220e) revision 15632167'; Using compiler version '192829333'; Build Type 'Release'
OS: 'Windows 10  (10.0.19043) 64bit Professional' Language: 'en' Physical Memory: 16292 MB
BatchMode: 1, IsHumanControllingUs: 0, StartBugReporterOnCrash: 0, Is64bit: 1, IsPro: 0

COMMAND LINE ARGUMENTS:
C:\Program Files\Unity\Hub\Editor\2021.2.10f1\Editor\Unity.exe
-adb2
-batchMode
-noUpm
-name
AssetImportWorker0
-projectPath
C:/Users/joshu/OneDrive/Documents/gameing stuff/GameDev/Shmup
-logFile
Logs/AssetImportWorker0.log
-srvPort
58774
Successfully changed project path to: C:/Users/joshu/OneDrive/Documents/gameing stuff/GameDev/Shmup
C:/Users/joshu/OneDrive/Documents/gameing stuff/GameDev/Shmup
[UnityMemory] Configuration Parameters - Can be set up in boot.config
    "memorysetup-bucket-allocator-granularity=16"
    "memorysetup-bucket-allocator-bucket-count=8"
    "memorysetup-bucket-allocator-block-size=33554432"
    "memorysetup-bucket-allocator-block-count=8"
    "memorysetup-main-allocator-block-size=16777216"
    "memorysetup-thread-allocator-block-size=16777216"
    "memorysetup-gfx-main-allocator-block-size=16777216"
    "memorysetup-gfx-thread-allocator-block-size=16777216"
    "memorysetup-cache-allocator-block-size=4194304"
    "memorysetup-typetree-allocator-block-size=2097152"
    "memorysetup-profiler-bucket-allocator-granularity=16"
    "memorysetup-profiler-bucket-allocator-bucket-count=8"
    "memorysetup-profiler-bucket-allocator-block-size=33554432"
    "memorysetup-profiler-bucket-allocator-block-count=8"
    "memorysetup-profiler-allocator-block-size=16777216"
    "memorysetup-profiler-editor-allocator-block-size=1048576"
    "memorysetup-temp-allocator-size-main=16777216"
    "memorysetup-job-temp-allocator-block-size=2097152"
    "memorysetup-job-temp-allocator-block-size-background=1048576"
    "memorysetup-job-temp-allocator-reduction-small-platforms=262144"
    "memorysetup-temp-allocator-size-background-worker=32768"
    "memorysetup-temp-allocator-size-job-worker=262144"
    "memorysetup-temp-allocator-size-preload-manager=33554432"
    "memorysetup-temp-allocator-size-nav-mesh-worker=65536"
    "memorysetup-temp-allocator-size-audio-worker=65536"
    "memorysetup-temp-allocator-size-cloud-worker=32768"
    "memorysetup-temp-allocator-size-gi-baking-worker=262144"
    "memorysetup-temp-allocator-size-gfx=262144"
Refreshing native plugins compatible for Editor in 84.02 ms, found 4 plugins.
Preloading 0 native plugins for Editor in 0.00 ms.
Initialize engine version: 2021.2.10f1 (ee872746220e)
[Subsystems] Discovering subsystems at path C:/Program Files/Unity/Hub/Editor/2021.2.10f1/Editor/Data/Resources/UnitySubsystems
[Subsystems] Discovering subsystems at path C:/Users/joshu/OneDrive/Documents/gameing stuff/GameDev/Shmup/Assets
GfxDevice: creating device client; threaded=0; jobified=0
Direct3D:
    Version:  Direct3D 11.0 [level 11.1]
    Renderer: NVIDIA GeForce RTX 2060 (ID=0x1f08)
    Vendor:   NVIDIA
    VRAM:     5980 MB
    Driver:   30.0.14.9729
Initialize mono
Mono path[0] = 'C:/Program Files/Unity/Hub/Editor/2021.2.10f1/Editor/Data/Managed'
Mono path[1] = 'C:/Program Files/Unity/Hub/Editor/2021.2.10f1/Editor/Data/MonoBleedingEdge/lib/mono/unityjit-win32'
Mono config path = 'C:/Program Files/Unity/Hub/Editor/2021.2.10f1/Editor/Data/MonoBleedingEdge/etc'
Using monoOptions --debugger-agent=transport=dt_socket,embedding=1,server=y,suspend=n,address=127.0.0.1:56076
Begin MonoManager ReloadAssembly
Registering precompiled unity dll's ...
Register platform support module: C:/Program Files/Unity/Hub/Editor/2021.2.10f1/Editor/Data/PlaybackEngines/WindowsStandaloneSupport/UnityEditor.WindowsStandalone.Extensions.dll
Registered in 0.007554 seconds.
Native extension for WindowsStandalone target not found
Refreshing native plugins compatible for Editor in 89.44 ms, found 4 plugins.
Preloading 0 native plugins for Editor in 0.00 ms.
Mono: successfully reloaded assembly
- Completed reload, in  0.581 seconds
Domain Reload Profiling:
	ReloadAssembly (582ms)
		BeginReloadAssembly (74ms)
			ExecutionOrderSort (0ms)
			DisableScriptedObjects (0ms)
			BackupInstance (0ms)
			ReleaseScriptingObjects (0ms)
			CreateAndSetChildDomain (1ms)
		EndReloadAssembly (437ms)
			LoadAssemblies (72ms)
			RebuildTransferFunctionScriptingTraits (0ms)
			SetupTypeCache (111ms)
			ReleaseScriptCaches (0ms)
			RebuildScriptCaches (24ms)
			SetupLoadedEditorAssemblies (249ms)
				LogAssemblyErrors (0ms)
				InitializePlatformSupportModulesInManaged (13ms)
				SetLoadedEditorAssemblies (0ms)
				RefreshPlugins (89ms)
				BeforeProcessingInitializeOnLoad (1ms)
				ProcessInitializeOnLoadAttributes (111ms)
				ProcessInitializeOnLoadMethodAttributes (34ms)
				AfterProcessingInitializeOnLoad (0ms)
				EditorAssembliesLoaded (0ms)
			ExecutionOrderSort2 (0ms)
			AwakeInstancesAfterBackupRestoration (0ms)
Platform modules already initialized, skipping
Registering precompiled user dll's ...
Registered in 0.009547 seconds.
Begin MonoManager ReloadAssembly
Symbol file LoadedFromMemory doesn't match image C:\Users\joshu\OneDrive\Documents\gameing stuff\GameDev\Shmup\Library\PackageCache\com.unity.visualscripting@1.7.6\Editor\VisualScripting.Core\Dependencies\YamlDotNet\Unity.VisualScripting.YamlDotNet.dll
Symbol file LoadedFromMemory doesn't match image C:\Users\joshu\OneDrive\Documents\gameing stuff\GameDev\Shmup\Library\PackageCache\com.unity.visualscripting@1.7.6\Editor\VisualScripting.Core\Dependencies\DotNetZip\Unity.VisualScripting.IonicZip.dll
Native extension for WindowsStandalone target not found
Refreshing native plugins compatible for Editor in 90.34 ms, found 4 plugins.
Preloading 0 native plugins for Editor in 0.00 ms.
Mono: successfully reloaded assembly
- Completed reload, in  1.381 seconds
Domain Reload Profiling:
	ReloadAssembly (1381ms)
		BeginReloadAssembly (108ms)
			ExecutionOrderSort (0ms)
			DisableScriptedObjects (4ms)
			BackupInstance (0ms)
			ReleaseScriptingObjects (0ms)
			CreateAndSetChildDomain (21ms)
		EndReloadAssembly (1190ms)
			LoadAssemblies (87ms)
			RebuildTransferFunctionScriptingTraits (0ms)
			SetupTypeCache (173ms)
			ReleaseScriptCaches (1ms)
			RebuildScriptCaches (42ms)
			SetupLoadedEditorAssemblies (857ms)
				LogAssemblyErrors (0ms)
				InitializePlatformSupportModulesInManaged (13ms)
				SetLoadedEditorAssemblies (0ms)
				RefreshPlugins (90ms)
				BeforeProcessingInitializeOnLoad (92ms)
				ProcessInitializeOnLoadAttributes (626ms)
				ProcessInitializeOnLoadMethodAttributes (26ms)
				AfterProcessingInitializeOnLoad (11ms)
				EditorAssembliesLoaded (0ms)
			ExecutionOrderSort2 (0ms)
			AwakeInstancesAfterBackupRestoration (7ms)
Platform modules already initialized, skipping
========================================================================
Worker process is ready to serve import requests
Launched and connected shader compiler UnityShaderCompiler.exe after 0.07 seconds
Refreshing native plugins compatible for Editor in 1.09 ms, found 4 plugins.
Preloading 0 native plugins for Editor in 0.00 ms.
Unloading 3907 Unused Serialized files (Serialized files now loaded: 0)
Unloading 43 unused Assets / (225.6 KB). Loaded Objects now: 4356.
Memory consumption went from 146.8 MB to 146.6 MB.
Total: 5.189200 ms (FindLiveObjects: 0.637500 ms CreateObjectMapping: 0.306200 ms MarkObjects: 4.058900 ms  DeleteObjects: 0.185600 ms)

AssetImportParameters requested are different than current active one (requested -> active):
  custom:video-decoder-ogg-theora: a1e56fd34408186e4bbccfd4996cb3dc -> 
  custom:container-muxer-webm: aa71ff27fc2769a1b78a27578f13a17b -> 
  custom:container-demuxer-webm: 4f35f7cbe854078d1ac9338744f61a02 -> 
  custom:video-encoder-webm-vp8: eb34c28f22e8b96e1ab97ce403110664 -> 
  custom:audio-encoder-webm-vorbis: bf7c407c2cedff20999df2af8eb42d56 -> 
  custom:framework-win-MediaFoundation: 216162199b28c13a410421893ffa2e32 -> 
  custom:container-demuxer-ogg: 62fdf1f143b41e24485cea50d1cbac27 -> 
  custom:video-decoder-webm-vp8: 9c59270c3fd7afecdb556c50c9e8de78 -> 
  custom:audio-decoder-ogg-vorbis: bf7c407c2cedff20999df2af8eb42d56 -> 
========================================================================
Received Import Request.
  Time since last request: 287131.863981 seconds.
  path: Assets
  artifactKey: Guid(00000000000000001000000000000000) Importer(815301076,1909f56bfc062723c751e8b465ee728b)
Start importing Assets using Guid(00000000000000001000000000000000) Importer(815301076,1909f56bfc062723c751e8b465ee728b)  -> (artifact id: '79842766b460edbeab6a34051e857a80') in 0.010297 seconds 
========================================================================
Received Import Request.
  Time since last request: 3.598803 seconds.
  path: Assets/Sprites
  artifactKey: Guid(f831eaff5e5d1d048aa67cf846a3fc51) Importer(815301076,1909f56bfc062723c751e8b465ee728b)
Start importing Assets/Sprites using Guid(f831eaff5e5d1d048aa67cf846a3fc51) Importer(815301076,1909f56bfc062723c751e8b465ee728b)  -> (artifact id: 'be9b235293fc08f837e4ba18d1b9cd17') in 0.001972 seconds 
========================================================================
Received Import Request.
  Time since last request: 113.840831 seconds.
  path: Assets/Sprites/explosion.png
  artifactKey: Guid(01fc8e27d8c40624cbee91442c9fe7a4) Importer(815301076,1909f56bfc062723c751e8b465ee728b)
Start importing Assets/Sprites/explosion.png using Guid(01fc8e27d8c40624cbee91442c9fe7a4) Importer(815301076,1909f56bfc062723c751e8b465ee728b)  -> (artifact id: '9f2a62c9ad53af5134c33708cbee5943') in 0.149962 seconds 
========================================================================
Received Import Request.
  Time since last request: 0.000023 seconds.
  path: Assets/Sprites/TopGunBulletPlayer.png
  artifactKey: Guid(834dcb4050394a3458833d0e9242eef0) Importer(815301076,1909f56bfc062723c751e8b465ee728b)
Start importing Assets/Sprites/TopGunBulletPlayer.png using Guid(834dcb4050394a3458833d0e9242eef0) Importer(815301076,1909f56bfc062723c751e8b465ee728b)  -> (artifact id: '317d4d9c6953ab6d8e79a52be28e4b94') in 0.015386 seconds 
========================================================================
Received Import Request.
  Time since last request: 0.000019 seconds.
  path: Assets/Sprites/TopGunBullet.png
  artifactKey: Guid(e4baa1cb1d7da51419d5cbf5a93913d8) Importer(815301076,1909f56bfc062723c751e8b465ee728b)
Start importing Assets/Sprites/TopGunBullet.png using Guid(e4baa1cb1d7da51419d5cbf5a93913d8) Importer(815301076,1909f56bfc062723c751e8b465ee728b)  -> (artifact id: '734fcf6b94238e060394dbebeb4134f9') in 0.015716 seconds 
========================================================================
Received Import Request.
  Time since last request: 0.000027 seconds.
  path: Assets/Sprites/mig21.png
  artifactKey: Guid(9d0ab1e896b223e4e8ed29e60efac697) Importer(815301076,1909f56bfc062723c751e8b465ee728b)
Start importing Assets/Sprites/mig21.png using Guid(9d0ab1e896b223e4e8ed29e60efac697) Importer(815301076,1909f56bfc062723c751e8b465ee728b)  -> (artifact id: 'e6ddd720d9e1698736b5595d2d74716d') in 0.017595 seconds 
========================================================================
Received Import Request.
  Time since last request: 0.000028 seconds.
  path: Assets/Sprites/TopGunMig29.png
  artifactKey: Guid(0b03eaec16335ed46bea24aaf9cd04be) Importer(815301076,1909f56bfc062723c751e8b465ee728b)
Start importing Assets/Sprites/TopGunMig29.png using Guid(0b03eaec16335ed46bea24aaf9cd04be) Importer(815301076,1909f56bfc062723c751e8b465ee728b)  -> (artifact id: '5c42ba5db081c861e5ee04ac824e6303') in 0.012858 seconds 
========================================================================
Received Import Request.
  Time since last request: 0.000020 seconds.
  path: Assets/Sprites/mig15.png
  artifactKey: Guid(6cb50924503562f4db93796e0ce07ef7) Importer(815301076,1909f56bfc062723c751e8b465ee728b)
Start importing Assets/Sprites/mig15.png using Guid(6cb50924503562f4db93796e0ce07ef7) Importer(815301076,1909f56bfc062723c751e8b465ee728b)  -> (artifact id: 'aea62c11be8bd73d8ba47de344644e0c') in 0.012226 seconds 
========================================================================
Received Import Request.
  Time since last request: 0.000020 seconds.
  path: Assets/Sprites/healthHeart.png
  artifactKey: Guid(6fec3534f8228d044b9d0d2c8557366c) Importer(815301076,1909f56bfc062723c751e8b465ee728b)
Start importing Assets/Sprites/healthHeart.png using Guid(6fec3534f8228d044b9d0d2c8557366c) Importer(815301076,1909f56bfc062723c751e8b465ee728b)  -> (artifact id: 'f734ced244eb35612bb1efba21d9f5a5') in 0.011563 seconds 
========================================================================
Received Import Request.
  Time since last request: 1.298478 seconds.
  path: Assets/Sprites/__MACOSX
  artifactKey: Guid(c996a98d97b6dd84e827478a1437df33) Importer(815301076,1909f56bfc062723c751e8b465ee728b)
Start importing Assets/Sprites/__MACOSX using Guid(c996a98d97b6dd84e827478a1437df33) Importer(815301076,1909f56bfc062723c751e8b465ee728b)  -> (artifact id: '3940be2007659087b26c7f6cb0ae86be') in 0.002561 seconds 
========================================================================
Received Import Request.
  Time since last request: 498.434140 seconds.
  path: Assets/Sprites/Tiles_1.asset
  artifactKey: Guid(f99ea183c776f0a4aa4ba301649435da) Importer(815301076,1909f56bfc062723c751e8b465ee728b)
Start importing Assets/Sprites/Tiles_1.asset using Guid(f99ea183c776f0a4aa4ba301649435da) Importer(815301076,1909f56bfc062723c751e8b465ee728b)  -> (artifact id: 'f4954cfd95690f2d93d1d5aee870a2d4') in 0.042402 seconds 
========================================================================
Received Import Request.
  Time since last request: 0.000025 seconds.
  path: Assets/Sprites/Tiles_26.asset
  artifactKey: Guid(1f68f8345d2bb434d94f507d268f8a96) Importer(815301076,1909f56bfc062723c751e8b465ee728b)
Start importing Assets/Sprites/Tiles_26.asset using Guid(1f68f8345d2bb434d94f507d268f8a96) Importer(815301076,1909f56bfc062723c751e8b465ee728b)  -> (artifact id: '6f9827607f9a995acc6fd80e50d909d6') in 0.014901 seconds 
========================================================================
Received Import Request.
  Time since last request: 0.000022 seconds.
  path: Assets/Sprites/Tiles_28.asset
  artifactKey: Guid(befa187b04addea46ac08d6dd3179e24) Importer(815301076,1909f56bfc062723c751e8b465ee728b)
Start importing Assets/Sprites/Tiles_28.asset using Guid(befa187b04addea46ac08d6dd3179e24) Importer(815301076,1909f56bfc062723c751e8b465ee728b)  -> (artifact id: '080c3c31fad6a0fbdcf1f62660667b62') in 0.011468 seconds 
========================================================================
Received Import Request.
  Time since last request: 0.000035 seconds.
  path: Assets/Sprites/Tiles_44.asset
  artifactKey: Guid(58e9e17852442a343a495e74ddd09c48) Importer(815301076,1909f56bfc062723c751e8b465ee728b)
Start importing Assets/Sprites/Tiles_44.asset using Guid(58e9e17852442a343a495e74ddd09c48) Importer(815301076,1909f56bfc062723c751e8b465ee728b)  -> (artifact id: 'f073de49a1f1d17250674df59ddcf8fb') in 0.009619 seconds 
========================================================================
Received Import Request.
  Time since last request: 0.000022 seconds.
  path: Assets/Sprites/Tiles_38.asset
  artifactKey: Guid(3c3c6d041dfd76a448ded0210877ba55) Importer(815301076,1909f56bfc062723c751e8b465ee728b)
Start importing Assets/Sprites/Tiles_38.asset using Guid(3c3c6d041dfd76a448ded0210877ba55) Importer(815301076,1909f56bfc062723c751e8b465ee728b)  -> (artifact id: 'b621b46bef25a4a80f717e7790aaa24f') in 0.009198 seconds 
========================================================================
Received Import Request.
  Time since last request: 0.000022 seconds.
  path: Assets/Sprites/Tiles_47.asset
  artifactKey: Guid(3f6f1ed7d5ef10e4681cd632269d049f) Importer(815301076,1909f56bfc062723c751e8b465ee728b)
Start importing Assets/Sprites/Tiles_47.asset using Guid(3f6f1ed7d5ef10e4681cd632269d049f) Importer(815301076,1909f56bfc062723c751e8b465ee728b)  -> (artifact id: '6351888ac288097cb4202bd5677c882f') in 0.010070 seconds 
========================================================================
Received Import Request.
  Time since last request: 0.000021 seconds.
  path: Assets/Sprites/Tiles_42.asset
  artifactKey: Guid(061d2f358f1f9b9429a0817c3bcfe7b0) Importer(815301076,1909f56bfc062723c751e8b465ee728b)
Start importing Assets/Sprites/Tiles_42.asset using Guid(061d2f358f1f9b9429a0817c3bcfe7b0) Importer(815301076,1909f56bfc062723c751e8b465ee728b)  -> (artifact id: '2c9d1d12ff693ad1443a444fa24e9561') in 0.010264 seconds 
========================================================================
Received Import Request.
  Time since last request: 0.000026 seconds.
  path: Assets/Sprites/Tiles_24.asset
  artifactKey: Guid(69ed084f474aa974ab547ef4f52a265f) Importer(815301076,1909f56bfc062723c751e8b465ee728b)
Start importing Assets/Sprites/Tiles_24.asset using Guid(69ed084f474aa974ab547ef4f52a265f) Importer(815301076,1909f56bfc062723c751e8b465ee728b)  -> (artifact id: '3a0bf954db3b07bdde70f815ddab3093') in 0.011565 seconds 
========================================================================
Received Import Request.
  Time since last request: 0.000021 seconds.
  path: Assets/Sprites/Tiles_6.asset
  artifactKey: Guid(2a16c1e90ae903c44a657528460e0159) Importer(815301076,1909f56bfc062723c751e8b465ee728b)
Start importing Assets/Sprites/Tiles_6.asset using Guid(2a16c1e90ae903c44a657528460e0159) Importer(815301076,1909f56bfc062723c751e8b465ee728b)  -> (artifact id: 'f3a7cd36015702b5f9bb44120f3a7d8b') in 0.013374 seconds 
========================================================================
Received Import Request.
  Time since last request: 0.000024 seconds.
  path: Assets/Sprites/Tiles_22.asset
  artifactKey: Guid(afe599921a2afb441a2532a6e80932d2) Importer(815301076,1909f56bfc062723c751e8b465ee728b)
Start importing Assets/Sprites/Tiles_22.asset using Guid(afe599921a2afb441a2532a6e80932d2) Importer(815301076,1909f56bfc062723c751e8b465ee728b)  -> (artifact id: '6f7ba9ae45b7637104f0fd4c2564145b') in 0.008722 seconds 
========================================================================
Received Import Request.
  Time since last request: 0.000020 seconds.
  path: Assets/Sprites/Tiles_45.asset
  artifactKey: Guid(1dbe6441601a9be48af1a24386df6888) Importer(815301076,1909f56bfc062723c751e8b465ee728b)
Start importing Assets/Sprites/Tiles_45.asset using Guid(1dbe6441601a9be48af1a24386df6888) Importer(815301076,1909f56bfc062723c751e8b465ee728b)  -> (artifact id: 'd8602f26a0b4cdde8206b5578d1727e8') in 0.010208 seconds 
========================================================================
Received Import Request.
  Time since last request: 0.000022 seconds.
  path: Assets/Sprites/Tiles_14.asset
  artifactKey: Guid(17701c39960265949a86cde24fad0a07) Importer(815301076,1909f56bfc062723c751e8b465ee728b)
Start importing Assets/Sprites/Tiles_14.asset using Guid(17701c39960265949a86cde24fad0a07) Importer(815301076,1909f56bfc062723c751e8b465ee728b)  -> (artifact id: '588123a805ac491c6e7d07f89f18dcfc') in 0.009135 seconds 
========================================================================
Received Import Request.
  Time since last request: 0.000022 seconds.
  path: Assets/Sprites/Tiles_25.asset
  artifactKey: Guid(feac191f5bfaaf34da1642fa3bc84f27) Importer(815301076,1909f56bfc062723c751e8b465ee728b)
Start importing Assets/Sprites/Tiles_25.asset using Guid(feac191f5bfaaf34da1642fa3bc84f27) Importer(815301076,1909f56bfc062723c751e8b465ee728b)  -> (artifact id: 'e8087810c6ea429d0854777a986bccbe') in 0.010615 seconds 
========================================================================
Received Import Request.
  Time since last request: 0.000020 seconds.
  path: Assets/Sprites/Tiles_34.asset
  artifactKey: Guid(40d006ba6f75c204db01b580610170cf) Importer(815301076,1909f56bfc062723c751e8b465ee728b)
Start importing Assets/Sprites/Tiles_34.asset using Guid(40d006ba6f75c204db01b580610170cf) Importer(815301076,1909f56bfc062723c751e8b465ee728b)  -> (artifact id: 'd07a63e7537611e03a2085ba0441da55') in 0.010767 seconds 
========================================================================
Received Import Request.
  Time since last request: 0.000023 seconds.
  path: Assets/Sprites/Tiles_11.asset
  artifactKey: Guid(510f08277b5f4724b8541f9be69e599a) Importer(815301076,1909f56bfc062723c751e8b465ee728b)
Start importing Assets/Sprites/Tiles_11.asset using Guid(510f08277b5f4724b8541f9be69e599a) Importer(815301076,1909f56bfc062723c751e8b465ee728b)  -> (artifact id: '1a2e676b105abe278002795d97af17b4') in 0.008882 seconds 
========================================================================
Received Import Request.
  Time since last request: 0.000017 seconds.
  path: Assets/Sprites/Tiles_23.asset
  artifactKey: Guid(bea83cdac64f6a140b1f698a02b7d141) Importer(815301076,1909f56bfc062723c751e8b465ee728b)
Start importing Assets/Sprites/Tiles_23.asset using Guid(bea83cdac64f6a140b1f698a02b7d141) Importer(815301076,1909f56bfc062723c751e8b465ee728b)  -> (artifact id: 'b99b274fe89dd4a886e219c0d4986935') in 0.009488 seconds 
========================================================================
Received Import Request.
  Time since last request: 0.000024 seconds.
  path: Assets/Sprites/Tiles_21.asset
  artifactKey: Guid(bc57f0be89c16cf4985677ca21e2e754) Importer(815301076,1909f56bfc062723c751e8b465ee728b)
Start importing Assets/Sprites/Tiles_21.asset using Guid(bc57f0be89c16cf4985677ca21e2e754) Importer(815301076,1909f56bfc062723c751e8b465ee728b)  -> (artifact id: '21ea46a9518be0edccc678ca6c231dc9') in 0.009129 seconds 
========================================================================
Received Import Request.
  Time since last request: 0.000024 seconds.
  path: Assets/Sprites/Tiles_35.asset
  artifactKey: Guid(a36cfb1e5e042d3448f535eb2bf658c9) Importer(815301076,1909f56bfc062723c751e8b465ee728b)
Start importing Assets/Sprites/Tiles_35.asset using Guid(a36cfb1e5e042d3448f535eb2bf658c9) Importer(815301076,1909f56bfc062723c751e8b465ee728b)  -> (artifact id: '370b70ffd90495835ce4f56c7bd64fcf') in 0.007202 seconds 
========================================================================
Received Import Request.
  Time since last request: 0.000021 seconds.
  path: Assets/Sprites/Tiles_4.asset
  artifactKey: Guid(adc7ea70f19dfd14c9f4425b0855708b) Importer(815301076,1909f56bfc062723c751e8b465ee728b)
Start importing Assets/Sprites/Tiles_4.asset using Guid(adc7ea70f19dfd14c9f4425b0855708b) Importer(815301076,1909f56bfc062723c751e8b465ee728b)  -> (artifact id: '20d75aed235a67504793c356402c861c') in 0.007828 seconds 
========================================================================
Received Import Request.
  Time since last request: 0.000023 seconds.
  path: Assets/Sprites/Tiles_16.asset
  artifactKey: Guid(1944428c8c06844439d1c6311ddabf71) Importer(815301076,1909f56bfc062723c751e8b465ee728b)
Start importing Assets/Sprites/Tiles_16.asset using Guid(1944428c8c06844439d1c6311ddabf71) Importer(815301076,1909f56bfc062723c751e8b465ee728b)  -> (artifact id: '9dc89f7756b14e147ba991b9937516bc') in 0.007739 seconds 
========================================================================
Received Import Request.
  Time since last request: 0.000017 seconds.
  path: Assets/Sprites/Tiles_40.asset
  artifactKey: Guid(df62419ada9653748a5a106e1d9e7fa4) Importer(815301076,1909f56bfc062723c751e8b465ee728b)
Start importing Assets/Sprites/Tiles_40.asset using Guid(df62419ada9653748a5a106e1d9e7fa4) Importer(815301076,1909f56bfc062723c751e8b465ee728b)  -> (artifact id: 'dad74aa1e7e38c68f8ca9ea2d8313cc0') in 0.007963 seconds 
========================================================================
Received Import Request.
  Time since last request: 0.000017 seconds.
  path: Assets/Sprites/Tiles_10.asset
  artifactKey: Guid(4dbeb1025838ca74594846675c255476) Importer(815301076,1909f56bfc062723c751e8b465ee728b)
Start importing Assets/Sprites/Tiles_10.asset using Guid(4dbeb1025838ca74594846675c255476) Importer(815301076,1909f56bfc062723c751e8b465ee728b)  -> (artifact id: 'ee8fad0531c4c0e45966f836028d6fbb') in 0.010949 seconds 
========================================================================
Received Import Request.
  Time since last request: 0.000019 seconds.
  path: Assets/Sprites/Tiles_50.asset
  artifactKey: Guid(3dd4a3e0a280c474bbac1c9dfd0c0586) Importer(815301076,1909f56bfc062723c751e8b465ee728b)
Start importing Assets/Sprites/Tiles_50.asset using Guid(3dd4a3e0a280c474bbac1c9dfd0c0586) Importer(815301076,1909f56bfc062723c751e8b465ee728b)  -> (artifact id: '102c1aad50de451e8346910acbd0434e') in 0.008065 seconds 
========================================================================
Received Import Request.
  Time since last request: 0.000020 seconds.
  path: Assets/Sprites/Tiles_7.asset
  artifactKey: Guid(8280440454f256b4698994035fef54ce) Importer(815301076,1909f56bfc062723c751e8b465ee728b)
Start importing Assets/Sprites/Tiles_7.asset using Guid(8280440454f256b4698994035fef54ce) Importer(815301076,1909f56bfc062723c751e8b465ee728b)  -> (artifact id: '1f845f372cd2e765ad7eba78d097d00b') in 0.007464 seconds 
========================================================================
Received Import Request.
  Time since last request: 0.000019 seconds.
  path: Assets/Sprites/Tiles_5.asset
  artifactKey: Guid(a1ded5925455f1e478d27966f12f0212) Importer(815301076,1909f56bfc062723c751e8b465ee728b)
Start importing Assets/Sprites/Tiles_5.asset using Guid(a1ded5925455f1e478d27966f12f0212) Importer(815301076,1909f56bfc062723c751e8b465ee728b)  -> (artifact id: 'ce6d47fbf429f09a36877fab067dde61') in 0.007390 seconds 
========================================================================
Received Import Request.
  Time since last request: 0.067520 seconds.
  path: Assets/Sprites/Tiles_52.asset
  artifactKey: Guid(9caa8c339a2df9048a47991df93b7b8d) Importer(815301076,1909f56bfc062723c751e8b465ee728b)
Start importing Assets/Sprites/Tiles_52.asset using Guid(9caa8c339a2df9048a47991df93b7b8d) Importer(815301076,1909f56bfc062723c751e8b465ee728b)  -> (artifact id: 'fceb004d7c7f535d40e68d20aeca5b1a') in 0.006848 seconds 
========================================================================
Received Import Request.
  Time since last request: 0.000017 seconds.
  path: Assets/Sprites/Tiles_59.asset
  artifactKey: Guid(2624a6e42b9684847b93cf343bca0407) Importer(815301076,1909f56bfc062723c751e8b465ee728b)
Start importing Assets/Sprites/Tiles_59.asset using Guid(2624a6e42b9684847b93cf343bca0407) Importer(815301076,1909f56bfc062723c751e8b465ee728b)  -> (artifact id: '1de46d8f4d04279abe0d8488fae76c7e') in 0.008592 seconds 
========================================================================
Received Import Request.
  Time since last request: 0.000019 seconds.
  path: Assets/Sprites/Tiles_53.asset
  artifactKey: Guid(c0e84d98814a58149a69ed2be2a31714) Importer(815301076,1909f56bfc062723c751e8b465ee728b)
Start importing Assets/Sprites/Tiles_53.asset using Guid(c0e84d98814a58149a69ed2be2a31714) Importer(815301076,1909f56bfc062723c751e8b465ee728b)  -> (artifact id: '174cb9a57316527a7a2bcadf2b96fd70') in 0.009249 seconds 
========================================================================
Received Import Request.
  Time since last request: 0.000020 seconds.
  path: Assets/Sprites/Tiles_66.asset
  artifactKey: Guid(fcf5ce44e52b39c47b348bb965ff652a) Importer(815301076,1909f56bfc062723c751e8b465ee728b)
Start importing Assets/Sprites/Tiles_66.asset using Guid(fcf5ce44e52b39c47b348bb965ff652a) Importer(815301076,1909f56bfc062723c751e8b465ee728b)  -> (artifact id: '45da77800e010e572dd7ec423e280b6d') in 0.007853 seconds 
========================================================================
Received Import Request.
  Time since last request: 0.000023 seconds.
  path: Assets/Sprites/Tiles_98.asset
  artifactKey: Guid(d6bfc02ccd44cdf4fb562f00369c728c) Importer(815301076,1909f56bfc062723c751e8b465ee728b)
Start importing Assets/Sprites/Tiles_98.asset using Guid(d6bfc02ccd44cdf4fb562f00369c728c) Importer(815301076,1909f56bfc062723c751e8b465ee728b)  -> (artifact id: '6be3cc5dfd5fdf117e270bda7554881d') in 0.007830 seconds 
========================================================================
Received Import Request.
  Time since last request: 0.000016 seconds.
  path: Assets/Sprites/Tiles_76.asset
  artifactKey: Guid(9ff00e01fe9849149b602e72ef03d13e) Importer(815301076,1909f56bfc062723c751e8b465ee728b)
Start importing Assets/Sprites/Tiles_76.asset using Guid(9ff00e01fe9849149b602e72ef03d13e) Importer(815301076,1909f56bfc062723c751e8b465ee728b)  -> (artifact id: 'de5e2eaeaf156b15e495d02c02d7db5d') in 0.007757 seconds 
========================================================================
Received Import Request.
  Time since last request: 0.000013 seconds.
  path: Assets/Sprites/Tiles_61.asset
  artifactKey: Guid(bc9971d9a09b52244a282f23a8b94bc0) Importer(815301076,1909f56bfc062723c751e8b465ee728b)
Start importing Assets/Sprites/Tiles_61.asset using Guid(bc9971d9a09b52244a282f23a8b94bc0) Importer(815301076,1909f56bfc062723c751e8b465ee728b)  -> (artifact id: '63e18edfdccdcc6f660f1dd69bd79850') in 0.007241 seconds 
========================================================================
Received Import Request.
  Time since last request: 0.000019 seconds.
  path: Assets/Sprites/Tiles_90.asset
  artifactKey: Guid(63dabd5bcc52ff84fbe8019facc27254) Importer(815301076,1909f56bfc062723c751e8b465ee728b)
Start importing Assets/Sprites/Tiles_90.asset using Guid(63dabd5bcc52ff84fbe8019facc27254) Importer(815301076,1909f56bfc062723c751e8b465ee728b)  -> (artifact id: 'f983b34197e82ebf220433aaea8c0d3b') in 0.006976 seconds 
========================================================================
Received Import Request.
  Time since last request: 0.000018 seconds.
  path: Assets/Sprites/Tiles_83.asset
  artifactKey: Guid(77a4d66265871cb4387756efe2885ccc) Importer(815301076,1909f56bfc062723c751e8b465ee728b)
Start importing Assets/Sprites/Tiles_83.asset using Guid(77a4d66265871cb4387756efe2885ccc) Importer(815301076,1909f56bfc062723c751e8b465ee728b)  -> (artifact id: 'c2a8ae9df380088fbe9b65a005304b47') in 0.006942 seconds 
========================================================================
Received Import Request.
  Time since last request: 0.000014 seconds.
  path: Assets/Sprites/Tiles_70.asset
  artifactKey: Guid(d99c5742548cabd49b318bc737ad73c4) Importer(815301076,1909f56bfc062723c751e8b465ee728b)
Start importing Assets/Sprites/Tiles_70.asset using Guid(d99c5742548cabd49b318bc737ad73c4) Importer(815301076,1909f56bfc062723c751e8b465ee728b)  -> (artifact id: '99e4bd6f43c9c4f8c858fcda8e9d0cbd') in 0.008446 seconds 
========================================================================
Received Import Request.
  Time since last request: 0.000018 seconds.
  path: Assets/Sprites/Tiles_68.asset
  artifactKey: Guid(7070f4699f8dddc48bdbbf482550c7ad) Importer(815301076,1909f56bfc062723c751e8b465ee728b)
Start importing Assets/Sprites/Tiles_68.asset using Guid(7070f4699f8dddc48bdbbf482550c7ad) Importer(815301076,1909f56bfc062723c751e8b465ee728b)  -> (artifact id: 'f32b4b6636513c2915bf3872dc6fbbf4') in 0.006916 seconds 
========================================================================
Received Import Request.
  Time since last request: 0.000048 seconds.
  path: Assets/Sprites/Tiles_96.asset
  artifactKey: Guid(9398f02f7d87a394b8fc237ff33062a9) Importer(815301076,1909f56bfc062723c751e8b465ee728b)
Start importing Assets/Sprites/Tiles_96.asset using Guid(9398f02f7d87a394b8fc237ff33062a9) Importer(815301076,1909f56bfc062723c751e8b465ee728b)  -> (artifact id: '5d430e78bc682592b7196bde01783c25') in 0.006718 seconds 
========================================================================
Received Import Request.
  Time since last request: 0.000019 seconds.
  path: Assets/Sprites/Tiles_91.asset
  artifactKey: Guid(fa4e794feee7ccf4989882fb6c30ec36) Importer(815301076,1909f56bfc062723c751e8b465ee728b)
Start importing Assets/Sprites/Tiles_91.asset using Guid(fa4e794feee7ccf4989882fb6c30ec36) Importer(815301076,1909f56bfc062723c751e8b465ee728b)  -> (artifact id: '02596e0a1eb502f47d29855eaa2336d6') in 0.008013 seconds 
========================================================================
Received Import Request.
  Time since last request: 0.000017 seconds.
  path: Assets/Sprites/Tiles_71.asset
  artifactKey: Guid(f25520b0eecb06f4fb15c5d89fef950d) Importer(815301076,1909f56bfc062723c751e8b465ee728b)
Start importing Assets/Sprites/Tiles_71.asset using Guid(f25520b0eecb06f4fb15c5d89fef950d) Importer(815301076,1909f56bfc062723c751e8b465ee728b)  -> (artifact id: '24d326488d92d4e840e0d81da8e996e1') in 0.010734 seconds 
========================================================================
Received Import Request.
  Time since last request: 0.000020 seconds.
  path: Assets/Sprites/Tiles_77.asset
  artifactKey: Guid(06f3a9c81fbca1b40b34778b8e4b9121) Importer(815301076,1909f56bfc062723c751e8b465ee728b)
Start importing Assets/Sprites/Tiles_77.asset using Guid(06f3a9c81fbca1b40b34778b8e4b9121) Importer(815301076,1909f56bfc062723c751e8b465ee728b)  -> (artifact id: '01e2b307e8181c1de6522aeffd87c087') in 0.008167 seconds 
========================================================================
Received Import Request.
  Time since last request: 0.000027 seconds.
  path: Assets/Sprites/Tiles_97.asset
  artifactKey: Guid(b119f8493cba94040a711c570ded9be9) Importer(815301076,1909f56bfc062723c751e8b465ee728b)
Start importing Assets/Sprites/Tiles_97.asset using Guid(b119f8493cba94040a711c570ded9be9) Importer(815301076,1909f56bfc062723c751e8b465ee728b)  -> (artifact id: 'd409bd13dfac1d9a2e7622146d3f39ee') in 0.009812 seconds 
========================================================================
Received Import Request.
  Time since last request: 0.000024 seconds.
  path: Assets/Sprites/Tiles_62.asset
  artifactKey: Guid(d294ebcfeb1b698438dc9f41511d99a5) Importer(815301076,1909f56bfc062723c751e8b465ee728b)
Start importing Assets/Sprites/Tiles_62.asset using Guid(d294ebcfeb1b698438dc9f41511d99a5) Importer(815301076,1909f56bfc062723c751e8b465ee728b)  -> (artifact id: 'cedcf5cd82a3e1e3361908cb58f2a666') in 0.008952 seconds 
========================================================================
Received Import Request.
  Time since last request: 0.000024 seconds.
  path: Assets/Sprites/Tiles_87.asset
  artifactKey: Guid(cb8c9382ec633fd40a88d03d5ef00f34) Importer(815301076,1909f56bfc062723c751e8b465ee728b)
Start importing Assets/Sprites/Tiles_87.asset using Guid(cb8c9382ec633fd40a88d03d5ef00f34) Importer(815301076,1909f56bfc062723c751e8b465ee728b)  -> (artifact id: '5d3bf04846807558fd004a117300e028') in 0.010349 seconds 
========================================================================
Received Import Request.
  Time since last request: 0.000025 seconds.
  path: Assets/Sprites/Tiles_79.asset
  artifactKey: Guid(cdf78905899a48c49b1c075464a3e505) Importer(815301076,1909f56bfc062723c751e8b465ee728b)
Start importing Assets/Sprites/Tiles_79.asset using Guid(cdf78905899a48c49b1c075464a3e505) Importer(815301076,1909f56bfc062723c751e8b465ee728b)  -> (artifact id: 'd3ebe9cf686d88899e89d9c55ae5f084') in 0.011107 seconds 
========================================================================
Received Import Request.
  Time since last request: 0.000029 seconds.
  path: Assets/Sprites/Tiles_82.asset
  artifactKey: Guid(96d0943bd70199a4bb4613dd8f1febd0) Importer(815301076,1909f56bfc062723c751e8b465ee728b)
Start importing Assets/Sprites/Tiles_82.asset using Guid(96d0943bd70199a4bb4613dd8f1febd0) Importer(815301076,1909f56bfc062723c751e8b465ee728b)  -> (artifact id: '708a254c495eb4333538f37e3ef6bf0d') in 0.009627 seconds 
========================================================================
Received Import Request.
  Time since last request: 0.000033 seconds.
  path: Assets/Sprites/Tiles_69.asset
  artifactKey: Guid(ce9488583f4c2414f807f755de5035c6) Importer(815301076,1909f56bfc062723c751e8b465ee728b)
Start importing Assets/Sprites/Tiles_69.asset using Guid(ce9488583f4c2414f807f755de5035c6) Importer(815301076,1909f56bfc062723c751e8b465ee728b)  -> (artifact id: '1ae13419144c3a41f9080ab8add1ce6b') in 0.009102 seconds 
========================================================================
Received Import Request.
  Time since last request: 0.000031 seconds.
  path: Assets/Sprites/Tiles_54.asset
  artifactKey: Guid(958ffc92cf8545b4da32b42df44e3669) Importer(815301076,1909f56bfc062723c751e8b465ee728b)
Start importing Assets/Sprites/Tiles_54.asset using Guid(958ffc92cf8545b4da32b42df44e3669) Importer(815301076,1909f56bfc062723c751e8b465ee728b)  -> (artifact id: '8a32c45dca5099e19cbc0ede2055d96d') in 0.008211 seconds 
========================================================================
Received Import Request.
  Time since last request: 0.000035 seconds.
  path: Assets/Sprites/Tiles_86.asset
  artifactKey: Guid(9e438cfc744db9c42ba3650e63adc5fc) Importer(815301076,1909f56bfc062723c751e8b465ee728b)
Start importing Assets/Sprites/Tiles_86.asset using Guid(9e438cfc744db9c42ba3650e63adc5fc) Importer(815301076,1909f56bfc062723c751e8b465ee728b)  -> (artifact id: 'aa12914a9d8d6a6eb6968cfdad012fae') in 0.008413 seconds 
========================================================================
Received Import Request.
  Time since last request: 0.000021 seconds.
  path: Assets/Sprites/Tiles_67.asset
  artifactKey: Guid(0c07c5d9a63e75543b31d51d49b74138) Importer(815301076,1909f56bfc062723c751e8b465ee728b)
Start importing Assets/Sprites/Tiles_67.asset using Guid(0c07c5d9a63e75543b31d51d49b74138) Importer(815301076,1909f56bfc062723c751e8b465ee728b)  -> (artifact id: '6aa2f38e647312d5dfcca961f3a4af1d') in 0.007464 seconds 
Editor requested this worker to shutdown with reason: Scaling down because of idle timeout
AssetImportWorker is now disconnected from the server
Process exiting
Exiting without the bug reporter. Application will terminate with return code 0