Using pre-set license
Built from '2021.2/staging' branch; Version is '2021.2.10f1 (ee872746220e) revision 15632167'; Using compiler version '192829333'; Build Type 'Release'
OS: 'Windows 10  (10.0.19043) 64bit Professional' Language: 'en' Physical Memory: 16292 MB
BatchMode: 1, IsHumanControllingUs: 0, StartBugReporterOnCrash: 0, Is64bit: 1, IsPro: 0

COMMAND LINE ARGUMENTS:
C:\Program Files\Unity\Hub\Editor\2021.2.10f1\Editor\Unity.exe
-adb2
-batchMode
-noUpm
-name
AssetImportWorker6
-projectPath
C:/Users/joshu/OneDrive/Documents/gameing stuff/GameDev/Shmup
-logFile
Logs/AssetImportWorker6.log
-srvPort
58774
Successfully changed project path to: C:/Users/joshu/OneDrive/Documents/gameing stuff/GameDev/Shmup
C:/Users/joshu/OneDrive/Documents/gameing stuff/GameDev/Shmup
[UnityMemory] Configuration Parameters - Can be set up in boot.config
    "memorysetup-bucket-allocator-granularity=16"
    "memorysetup-bucket-allocator-bucket-count=8"
    "memorysetup-bucket-allocator-block-size=33554432"
    "memorysetup-bucket-allocator-block-count=8"
    "memorysetup-main-allocator-block-size=16777216"
    "memorysetup-thread-allocator-block-size=16777216"
    "memorysetup-gfx-main-allocator-block-size=16777216"
    "memorysetup-gfx-thread-allocator-block-size=16777216"
    "memorysetup-cache-allocator-block-size=4194304"
    "memorysetup-typetree-allocator-block-size=2097152"
    "memorysetup-profiler-bucket-allocator-granularity=16"
    "memorysetup-profiler-bucket-allocator-bucket-count=8"
    "memorysetup-profiler-bucket-allocator-block-size=33554432"
    "memorysetup-profiler-bucket-allocator-block-count=8"
    "memorysetup-profiler-allocator-block-size=16777216"
    "memorysetup-profiler-editor-allocator-block-size=1048576"
    "memorysetup-temp-allocator-size-main=16777216"
    "memorysetup-job-temp-allocator-block-size=2097152"
    "memorysetup-job-temp-allocator-block-size-background=1048576"
    "memorysetup-job-temp-allocator-reduction-small-platforms=262144"
    "memorysetup-temp-allocator-size-background-worker=32768"
    "memorysetup-temp-allocator-size-job-worker=262144"
    "memorysetup-temp-allocator-size-preload-manager=33554432"
    "memorysetup-temp-allocator-size-nav-mesh-worker=65536"
    "memorysetup-temp-allocator-size-audio-worker=65536"
    "memorysetup-temp-allocator-size-cloud-worker=32768"
    "memorysetup-temp-allocator-size-gi-baking-worker=262144"
    "memorysetup-temp-allocator-size-gfx=262144"
Refreshing native plugins compatible for Editor in 76.81 ms, found 4 plugins.
Preloading 0 native plugins for Editor in 0.00 ms.
Initialize engine version: 2021.2.10f1 (ee872746220e)
[Subsystems] Discovering subsystems at path C:/Program Files/Unity/Hub/Editor/2021.2.10f1/Editor/Data/Resources/UnitySubsystems
[Subsystems] Discovering subsystems at path C:/Users/joshu/OneDrive/Documents/gameing stuff/GameDev/Shmup/Assets
GfxDevice: creating device client; threaded=0; jobified=0
Direct3D:
    Version:  Direct3D 11.0 [level 11.1]
    Renderer: NVIDIA GeForce RTX 2060 (ID=0x1f08)
    Vendor:   NVIDIA
    VRAM:     5980 MB
    Driver:   30.0.14.9729
Initialize mono
Mono path[0] = 'C:/Program Files/Unity/Hub/Editor/2021.2.10f1/Editor/Data/Managed'
Mono path[1] = 'C:/Program Files/Unity/Hub/Editor/2021.2.10f1/Editor/Data/MonoBleedingEdge/lib/mono/unityjit-win32'
Mono config path = 'C:/Program Files/Unity/Hub/Editor/2021.2.10f1/Editor/Data/MonoBleedingEdge/etc'
Using monoOptions --debugger-agent=transport=dt_socket,embedding=1,server=y,suspend=n,address=127.0.0.1:56876
Begin MonoManager ReloadAssembly
Registering precompiled unity dll's ...
Register platform support module: C:/Program Files/Unity/Hub/Editor/2021.2.10f1/Editor/Data/PlaybackEngines/WindowsStandaloneSupport/UnityEditor.WindowsStandalone.Extensions.dll
Registered in 0.007549 seconds.
Native extension for WindowsStandalone target not found
Refreshing native plugins compatible for Editor in 70.77 ms, found 4 plugins.
Preloading 0 native plugins for Editor in 0.00 ms.
Mono: successfully reloaded assembly
- Completed reload, in  0.474 seconds
Domain Reload Profiling:
	ReloadAssembly (474ms)
		BeginReloadAssembly (63ms)
			ExecutionOrderSort (0ms)
			DisableScriptedObjects (0ms)
			BackupInstance (0ms)
			ReleaseScriptingObjects (0ms)
			CreateAndSetChildDomain (1ms)
		EndReloadAssembly (350ms)
			LoadAssemblies (60ms)
			RebuildTransferFunctionScriptingTraits (0ms)
			SetupTypeCache (66ms)
			ReleaseScriptCaches (0ms)
			RebuildScriptCaches (19ms)
			SetupLoadedEditorAssemblies (222ms)
				LogAssemblyErrors (0ms)
				InitializePlatformSupportModulesInManaged (13ms)
				SetLoadedEditorAssemblies (0ms)
				RefreshPlugins (71ms)
				BeforeProcessingInitializeOnLoad (1ms)
				ProcessInitializeOnLoadAttributes (103ms)
				ProcessInitializeOnLoadMethodAttributes (34ms)
				AfterProcessingInitializeOnLoad (0ms)
				EditorAssembliesLoaded (0ms)
			ExecutionOrderSort2 (0ms)
			AwakeInstancesAfterBackupRestoration (0ms)
Platform modules already initialized, skipping
Registering precompiled user dll's ...
Registered in 0.012459 seconds.
Begin MonoManager ReloadAssembly
Symbol file LoadedFromMemory doesn't match image C:\Users\joshu\OneDrive\Documents\gameing stuff\GameDev\Shmup\Library\PackageCache\com.unity.visualscripting@1.7.6\Editor\VisualScripting.Core\Dependencies\YamlDotNet\Unity.VisualScripting.YamlDotNet.dll
Symbol file LoadedFromMemory doesn't match image C:\Users\joshu\OneDrive\Documents\gameing stuff\GameDev\Shmup\Library\PackageCache\com.unity.visualscripting@1.7.6\Editor\VisualScripting.Core\Dependencies\DotNetZip\Unity.VisualScripting.IonicZip.dll
Native extension for WindowsStandalone target not found
Refreshing native plugins compatible for Editor in 82.45 ms, found 4 plugins.
Preloading 0 native plugins for Editor in 0.00 ms.
Mono: successfully reloaded assembly
- Completed reload, in  1.195 seconds
Domain Reload Profiling:
	ReloadAssembly (1195ms)
		BeginReloadAssembly (90ms)
			ExecutionOrderSort (0ms)
			DisableScriptedObjects (5ms)
			BackupInstance (0ms)
			ReleaseScriptingObjects (0ms)
			CreateAndSetChildDomain (16ms)
		EndReloadAssembly (1027ms)
			LoadAssemblies (73ms)
			RebuildTransferFunctionScriptingTraits (0ms)
			SetupTypeCache (164ms)
			ReleaseScriptCaches (1ms)
			RebuildScriptCaches (39ms)
			SetupLoadedEditorAssemblies (718ms)
				LogAssemblyErrors (0ms)
				InitializePlatformSupportModulesInManaged (13ms)
				SetLoadedEditorAssemblies (0ms)
				RefreshPlugins (83ms)
				BeforeProcessingInitializeOnLoad (87ms)
				ProcessInitializeOnLoadAttributes (502ms)
				ProcessInitializeOnLoadMethodAttributes (24ms)
				AfterProcessingInitializeOnLoad (9ms)
				EditorAssembliesLoaded (0ms)
			ExecutionOrderSort2 (0ms)
			AwakeInstancesAfterBackupRestoration (5ms)
Platform modules already initialized, skipping
========================================================================
Worker process is ready to serve import requests
Launched and connected shader compiler UnityShaderCompiler.exe after 0.05 seconds
Refreshing native plugins compatible for Editor in 0.77 ms, found 4 plugins.
Preloading 0 native plugins for Editor in 0.00 ms.
Unloading 3907 Unused Serialized files (Serialized files now loaded: 0)
Unloading 43 unused Assets / (225.4 KB). Loaded Objects now: 4356.
Memory consumption went from 146.8 MB to 146.6 MB.
Total: 3.418300 ms (FindLiveObjects: 0.243300 ms CreateObjectMapping: 0.147000 ms MarkObjects: 2.875600 ms  DeleteObjects: 0.151500 ms)

AssetImportParameters requested are different than current active one (requested -> active):
  custom:video-decoder-ogg-theora: a1e56fd34408186e4bbccfd4996cb3dc -> 
  custom:container-muxer-webm: aa71ff27fc2769a1b78a27578f13a17b -> 
  custom:container-demuxer-webm: 4f35f7cbe854078d1ac9338744f61a02 -> 
  custom:video-encoder-webm-vp8: eb34c28f22e8b96e1ab97ce403110664 -> 
  custom:audio-encoder-webm-vorbis: bf7c407c2cedff20999df2af8eb42d56 -> 
  custom:framework-win-MediaFoundation: 216162199b28c13a410421893ffa2e32 -> 
  custom:container-demuxer-ogg: 62fdf1f143b41e24485cea50d1cbac27 -> 
  custom:video-decoder-webm-vp8: 9c59270c3fd7afecdb556c50c9e8de78 -> 
  custom:audio-decoder-ogg-vorbis: bf7c407c2cedff20999df2af8eb42d56 -> 
========================================================================
Received Import Request.
  Time since last request: 288491.199482 seconds.
  path: Assets/Sprites/Tiles_76.asset
  artifactKey: Guid(9ff00e01fe9849149b602e72ef03d13e) Importer(815301076,1909f56bfc062723c751e8b465ee728b)
Start importing Assets/Sprites/Tiles_76.asset using Guid(9ff00e01fe9849149b602e72ef03d13e) Importer(815301076,1909f56bfc062723c751e8b465ee728b)  -> (artifact id: 'eec79bbbb15a9a92c2a2d8556f6cd036') in 0.067019 seconds 
========================================================================
Received Import Request.
  Time since last request: 0.000019 seconds.
  path: Assets/Sprites/Tiles_98.asset
  artifactKey: Guid(d6bfc02ccd44cdf4fb562f00369c728c) Importer(815301076,1909f56bfc062723c751e8b465ee728b)
Start importing Assets/Sprites/Tiles_98.asset using Guid(d6bfc02ccd44cdf4fb562f00369c728c) Importer(815301076,1909f56bfc062723c751e8b465ee728b)  -> (artifact id: 'fd993c220433939b3a9968dc5606b83b') in 0.009287 seconds 
========================================================================
Received Import Request.
  Time since last request: 0.000029 seconds.
  path: Assets/Sprites/Tiles_124.asset
  artifactKey: Guid(a5f2a8837a89d044187fd3a3c69ef62a) Importer(815301076,1909f56bfc062723c751e8b465ee728b)
Start importing Assets/Sprites/Tiles_124.asset using Guid(a5f2a8837a89d044187fd3a3c69ef62a) Importer(815301076,1909f56bfc062723c751e8b465ee728b)  -> (artifact id: '60178af35369dee4547aa953dcdf1ab5') in 0.010783 seconds 
========================================================================
Received Import Request.
  Time since last request: 0.000017 seconds.
  path: Assets/Sprites/Tiles_114.asset
  artifactKey: Guid(4de4fb0c078315b4586fe1cfc05cc408) Importer(815301076,1909f56bfc062723c751e8b465ee728b)
Start importing Assets/Sprites/Tiles_114.asset using Guid(4de4fb0c078315b4586fe1cfc05cc408) Importer(815301076,1909f56bfc062723c751e8b465ee728b)  -> (artifact id: '4ad2dc0186589fa6883912ad279057e3') in 0.010203 seconds 
========================================================================
Received Import Request.
  Time since last request: 0.000014 seconds.
  path: Assets/Sprites/Tiles_146.asset
  artifactKey: Guid(e2f3c9484ecbb6a4587c1d7395787da9) Importer(815301076,1909f56bfc062723c751e8b465ee728b)
Start importing Assets/Sprites/Tiles_146.asset using Guid(e2f3c9484ecbb6a4587c1d7395787da9) Importer(815301076,1909f56bfc062723c751e8b465ee728b)  -> (artifact id: '9dc811540f4a567360809da0dd2dc2f1') in 0.007837 seconds 
========================================================================
Received Import Request.
  Time since last request: 0.000013 seconds.
  path: Assets/Sprites/Tiles_101.asset
  artifactKey: Guid(c3f068db4efc9174b91b86b220f16e72) Importer(815301076,1909f56bfc062723c751e8b465ee728b)
Start importing Assets/Sprites/Tiles_101.asset using Guid(c3f068db4efc9174b91b86b220f16e72) Importer(815301076,1909f56bfc062723c751e8b465ee728b)  -> (artifact id: '6bc5dfcc81fcee469ff15eb95432b932') in 0.010290 seconds 
========================================================================
Received Import Request.
  Time since last request: 0.000013 seconds.
  path: Assets/Sprites/Tiles_122.asset
  artifactKey: Guid(41b63e1ead172ec4198eaa18dbf7bcc3) Importer(815301076,1909f56bfc062723c751e8b465ee728b)
Start importing Assets/Sprites/Tiles_122.asset using Guid(41b63e1ead172ec4198eaa18dbf7bcc3) Importer(815301076,1909f56bfc062723c751e8b465ee728b)  -> (artifact id: '8e4868932ddc864f8fd4882cb4f2b050') in 0.008448 seconds 
========================================================================
Received Import Request.
  Time since last request: 0.000014 seconds.
  path: Assets/Sprites/Tiles_168.asset
  artifactKey: Guid(5511ce5d0e03e1448bd06de2c1688137) Importer(815301076,1909f56bfc062723c751e8b465ee728b)
Start importing Assets/Sprites/Tiles_168.asset using Guid(5511ce5d0e03e1448bd06de2c1688137) Importer(815301076,1909f56bfc062723c751e8b465ee728b)  -> (artifact id: 'a13fd88ba4e49a2f97626ae45b1f4a6f') in 0.013256 seconds 
========================================================================
Received Import Request.
  Time since last request: 0.000015 seconds.
  path: Assets/Sprites/Tiles_99.asset
  artifactKey: Guid(0697759e44d787e43a38b0e36497d5dd) Importer(815301076,1909f56bfc062723c751e8b465ee728b)
Start importing Assets/Sprites/Tiles_99.asset using Guid(0697759e44d787e43a38b0e36497d5dd) Importer(815301076,1909f56bfc062723c751e8b465ee728b)  -> (artifact id: 'bb297dea997736721b95211591c1d7e9') in 0.007388 seconds 
========================================================================
Received Import Request.
  Time since last request: 0.000014 seconds.
  path: Assets/Sprites/Tiles_162.asset
  artifactKey: Guid(55f5005bae1c6eb4eabb3b8673b0f0e3) Importer(815301076,1909f56bfc062723c751e8b465ee728b)
Start importing Assets/Sprites/Tiles_162.asset using Guid(55f5005bae1c6eb4eabb3b8673b0f0e3) Importer(815301076,1909f56bfc062723c751e8b465ee728b)  -> (artifact id: '47d4829cb2438b9ec602fb4e1b25830c') in 0.016688 seconds 
========================================================================
Received Import Request.
  Time since last request: 0.000013 seconds.
  path: Assets/Sprites/Tiles_92.asset
  artifactKey: Guid(1639635edc34a9b46a1a2a75395b10e9) Importer(815301076,1909f56bfc062723c751e8b465ee728b)
Start importing Assets/Sprites/Tiles_92.asset using Guid(1639635edc34a9b46a1a2a75395b10e9) Importer(815301076,1909f56bfc062723c751e8b465ee728b)  -> (artifact id: '5dc014c4c06f0efe24d5ae9e6067b153') in 0.006513 seconds 
========================================================================
Received Import Request.
  Time since last request: 0.000013 seconds.
  path: Assets/Sprites/Tiles_78.asset
  artifactKey: Guid(2df3fa8f579d31c4089d338e3302091e) Importer(815301076,1909f56bfc062723c751e8b465ee728b)
Start importing Assets/Sprites/Tiles_78.asset using Guid(2df3fa8f579d31c4089d338e3302091e) Importer(815301076,1909f56bfc062723c751e8b465ee728b)  -> (artifact id: '573f761db7b187fe123be466a8b5d147') in 0.008077 seconds 
========================================================================
Received Import Request.
  Time since last request: 0.000014 seconds.
  path: Assets/Sprites/Tiles_82.asset
  artifactKey: Guid(96d0943bd70199a4bb4613dd8f1febd0) Importer(815301076,1909f56bfc062723c751e8b465ee728b)
Start importing Assets/Sprites/Tiles_82.asset using Guid(96d0943bd70199a4bb4613dd8f1febd0) Importer(815301076,1909f56bfc062723c751e8b465ee728b)  -> (artifact id: 'b59582ebaa46d01abe83b0a94235f938') in 0.006866 seconds 
========================================================================
Received Import Request.
  Time since last request: 0.000015 seconds.
  path: Assets/Sprites/Tiles_154.asset
  artifactKey: Guid(567495187cc92824096308c6265d80e9) Importer(815301076,1909f56bfc062723c751e8b465ee728b)
Start importing Assets/Sprites/Tiles_154.asset using Guid(567495187cc92824096308c6265d80e9) Importer(815301076,1909f56bfc062723c751e8b465ee728b)  -> (artifact id: '5f798764223c6abbb2ce2fdaa18c5a33') in 0.007245 seconds 
========================================================================
Received Import Request.
  Time since last request: 0.000017 seconds.
  path: Assets/Sprites/Tiles_157.asset
  artifactKey: Guid(48edffa77fe592e409afb3abee0f8033) Importer(815301076,1909f56bfc062723c751e8b465ee728b)
Start importing Assets/Sprites/Tiles_157.asset using Guid(48edffa77fe592e409afb3abee0f8033) Importer(815301076,1909f56bfc062723c751e8b465ee728b)  -> (artifact id: '9ab0f43c674fcbb9212a52bd753ec681') in 0.008175 seconds 
========================================================================
Received Import Request.
  Time since last request: 0.000020 seconds.
  path: Assets/Sprites/Tiles_163.asset
  artifactKey: Guid(f16445c81d9a1674f8eb30437ebb618f) Importer(815301076,1909f56bfc062723c751e8b465ee728b)
Start importing Assets/Sprites/Tiles_163.asset using Guid(f16445c81d9a1674f8eb30437ebb618f) Importer(815301076,1909f56bfc062723c751e8b465ee728b)  -> (artifact id: 'cdfa8781596b02ffdf39ff9bb41e5ff0') in 0.011048 seconds 
========================================================================
Received Import Request.
  Time since last request: 0.000018 seconds.
  path: Assets/Sprites/Tiles_149.asset
  artifactKey: Guid(89efdea7c1f923e40994f15af75f7e59) Importer(815301076,1909f56bfc062723c751e8b465ee728b)
Start importing Assets/Sprites/Tiles_149.asset using Guid(89efdea7c1f923e40994f15af75f7e59) Importer(815301076,1909f56bfc062723c751e8b465ee728b)  -> (artifact id: '08a0e09d6b00728a444706017759333c') in 0.010044 seconds 
========================================================================
Received Import Request.
  Time since last request: 0.000021 seconds.
  path: Assets/Sprites/Tiles_181.asset
  artifactKey: Guid(bad90a0d88c8ad84f818f3ef336c9857) Importer(815301076,1909f56bfc062723c751e8b465ee728b)
Start importing Assets/Sprites/Tiles_181.asset using Guid(bad90a0d88c8ad84f818f3ef336c9857) Importer(815301076,1909f56bfc062723c751e8b465ee728b)  -> (artifact id: '3c179c8eb8f8bd50cecbf3f15cd91b39') in 0.008184 seconds 
========================================================================
Received Import Request.
  Time since last request: 0.000026 seconds.
  path: Assets/Sprites/Tiles_137.asset
  artifactKey: Guid(a73fbe8edbb371e4f888f9275559dd39) Importer(815301076,1909f56bfc062723c751e8b465ee728b)
Start importing Assets/Sprites/Tiles_137.asset using Guid(a73fbe8edbb371e4f888f9275559dd39) Importer(815301076,1909f56bfc062723c751e8b465ee728b)  -> (artifact id: 'd6db0d571b4e097487ad1b44f5b45a0b') in 0.008996 seconds 
========================================================================
Received Import Request.
  Time since last request: 0.000017 seconds.
  path: Assets/Sprites/Tiles_117.asset
  artifactKey: Guid(5badf07d03b787c43864250509a5de1a) Importer(815301076,1909f56bfc062723c751e8b465ee728b)
Start importing Assets/Sprites/Tiles_117.asset using Guid(5badf07d03b787c43864250509a5de1a) Importer(815301076,1909f56bfc062723c751e8b465ee728b)  -> (artifact id: 'a18f6d30b8021634ae9f5794c11361a9') in 0.008671 seconds 
========================================================================
Received Import Request.
  Time since last request: 0.000016 seconds.
  path: Assets/Sprites/Tiles_160.asset
  artifactKey: Guid(d75bc938855a5c544bfbafeb6c321868) Importer(815301076,1909f56bfc062723c751e8b465ee728b)
Start importing Assets/Sprites/Tiles_160.asset using Guid(d75bc938855a5c544bfbafeb6c321868) Importer(815301076,1909f56bfc062723c751e8b465ee728b)  -> (artifact id: 'bb585c59e2038c90a74de05929c81395') in 0.008616 seconds 
========================================================================
Received Import Request.
  Time since last request: 0.000016 seconds.
  path: Assets/Sprites/Tiles_178.asset
  artifactKey: Guid(3bb7687e221147f46a8ff6b294ac9235) Importer(815301076,1909f56bfc062723c751e8b465ee728b)
Start importing Assets/Sprites/Tiles_178.asset using Guid(3bb7687e221147f46a8ff6b294ac9235) Importer(815301076,1909f56bfc062723c751e8b465ee728b)  -> (artifact id: '74f1b9e8ab961326615cde1426922f51') in 0.008683 seconds 
========================================================================
Received Import Request.
  Time since last request: 0.000014 seconds.
  path: Assets/Sprites/Tiles_128.asset
  artifactKey: Guid(34cfc7d2dbd158c40a0aa00a3dbbef42) Importer(815301076,1909f56bfc062723c751e8b465ee728b)
Start importing Assets/Sprites/Tiles_128.asset using Guid(34cfc7d2dbd158c40a0aa00a3dbbef42) Importer(815301076,1909f56bfc062723c751e8b465ee728b)  -> (artifact id: 'a3f7f12f4419ca8ee01f9ec051d6e5e1') in 0.008950 seconds 
========================================================================
Received Import Request.
  Time since last request: 0.000020 seconds.
  path: Assets/Sprites/Tiles_96.asset
  artifactKey: Guid(9398f02f7d87a394b8fc237ff33062a9) Importer(815301076,1909f56bfc062723c751e8b465ee728b)
Start importing Assets/Sprites/Tiles_96.asset using Guid(9398f02f7d87a394b8fc237ff33062a9) Importer(815301076,1909f56bfc062723c751e8b465ee728b)  -> (artifact id: 'd4fad215a66eefea2097964947292364') in 0.008534 seconds 
========================================================================
Received Import Request.
  Time since last request: 0.000021 seconds.
  path: Assets/Sprites/Tiles_176.asset
  artifactKey: Guid(fa5f99e1a246ef5428c08f3e035efaaf) Importer(815301076,1909f56bfc062723c751e8b465ee728b)
Start importing Assets/Sprites/Tiles_176.asset using Guid(fa5f99e1a246ef5428c08f3e035efaaf) Importer(815301076,1909f56bfc062723c751e8b465ee728b)  -> (artifact id: '079f81d8717628e608df341cbdca79a6') in 0.008139 seconds 
========================================================================
Received Import Request.
  Time since last request: 0.000016 seconds.
  path: Assets/Sprites/Tiles_91.asset
  artifactKey: Guid(fa4e794feee7ccf4989882fb6c30ec36) Importer(815301076,1909f56bfc062723c751e8b465ee728b)
Start importing Assets/Sprites/Tiles_91.asset using Guid(fa4e794feee7ccf4989882fb6c30ec36) Importer(815301076,1909f56bfc062723c751e8b465ee728b)  -> (artifact id: 'adb2f403f05ade27d3c1449b6fdb67da') in 0.008535 seconds 
========================================================================
Received Import Request.
  Time since last request: 0.000014 seconds.
  path: Assets/Sprites/Tiles_97.asset
  artifactKey: Guid(b119f8493cba94040a711c570ded9be9) Importer(815301076,1909f56bfc062723c751e8b465ee728b)
Start importing Assets/Sprites/Tiles_97.asset using Guid(b119f8493cba94040a711c570ded9be9) Importer(815301076,1909f56bfc062723c751e8b465ee728b)  -> (artifact id: 'cf858f1f905acfe42a16107627145fa5') in 0.008740 seconds 
========================================================================
Received Import Request.
  Time since last request: 0.000025 seconds.
  path: Assets/Sprites/Tiles_151.asset
  artifactKey: Guid(72c3fb9f51aaaa645b2bc45c9f52282e) Importer(815301076,1909f56bfc062723c751e8b465ee728b)
Start importing Assets/Sprites/Tiles_151.asset using Guid(72c3fb9f51aaaa645b2bc45c9f52282e) Importer(815301076,1909f56bfc062723c751e8b465ee728b)  -> (artifact id: 'bc16f212fb3ba77d9321a30f5b5fa267') in 0.007986 seconds 
========================================================================
Received Import Request.
  Time since last request: 0.000019 seconds.
  path: Assets/Sprites/Tiles_174.asset
  artifactKey: Guid(a68365a6d72530145a7259f7872ddb79) Importer(815301076,1909f56bfc062723c751e8b465ee728b)
Start importing Assets/Sprites/Tiles_174.asset using Guid(a68365a6d72530145a7259f7872ddb79) Importer(815301076,1909f56bfc062723c751e8b465ee728b)  -> (artifact id: '1504b7826e7344eb93ba273b465092f0') in 0.008044 seconds 
========================================================================
Received Import Request.
  Time since last request: 0.000023 seconds.
  path: Assets/Sprites/Tiles_126.asset
  artifactKey: Guid(ecc2c1dde372229429a4ce0a2829c0a6) Importer(815301076,1909f56bfc062723c751e8b465ee728b)
Start importing Assets/Sprites/Tiles_126.asset using Guid(ecc2c1dde372229429a4ce0a2829c0a6) Importer(815301076,1909f56bfc062723c751e8b465ee728b)  -> (artifact id: '78e3f065e78a8d040a1b81bb858c1657') in 0.007897 seconds 
========================================================================
Received Import Request.
  Time since last request: 0.000022 seconds.
  path: Assets/Sprites/Tiles_175.asset
  artifactKey: Guid(310a79bda8452b04f94b807f1d0d3cdc) Importer(815301076,1909f56bfc062723c751e8b465ee728b)
Start importing Assets/Sprites/Tiles_175.asset using Guid(310a79bda8452b04f94b807f1d0d3cdc) Importer(815301076,1909f56bfc062723c751e8b465ee728b)  -> (artifact id: '5ae2b23d291b7e1fd7a274669e18af51') in 0.006744 seconds 
========================================================================
Received Import Request.
  Time since last request: 0.000023 seconds.
  path: Assets/Sprites/Tiles_136.asset
  artifactKey: Guid(a3ad8b06db2ef364d9133c692bff40c6) Importer(815301076,1909f56bfc062723c751e8b465ee728b)
Start importing Assets/Sprites/Tiles_136.asset using Guid(a3ad8b06db2ef364d9133c692bff40c6) Importer(815301076,1909f56bfc062723c751e8b465ee728b)  -> (artifact id: '04bd3f0acacf0b48a170744d5ba07234') in 0.007458 seconds 
========================================================================
Received Import Request.
  Time since last request: 0.000017 seconds.
  path: Assets/Sprites/Tiles_123.asset
  artifactKey: Guid(9ccfca4354daaf049a451bdc6a48531c) Importer(815301076,1909f56bfc062723c751e8b465ee728b)
Start importing Assets/Sprites/Tiles_123.asset using Guid(9ccfca4354daaf049a451bdc6a48531c) Importer(815301076,1909f56bfc062723c751e8b465ee728b)  -> (artifact id: '3f473b0afdb9876c38ece0b924ed2997') in 0.007911 seconds 
